#
# There is insufficient memory for the Java Runtime Environment to continue.
# Native memory allocation (mmap) failed to map 652214272 bytes for G1 virtual space
# Possible reasons:
#   The system is out of physical RAM or swap space
#   The process is running with CompressedOops enabled, and the Java Heap may be blocking the growth of the native heap
# Possible solutions:
#   Reduce memory load on the system
#   Increase physical memory or swap space
#   Check if swap backing store is full
#   Decrease Java heap size (-Xmx/-Xms)
#   Decrease number of Java threads
#   Decrease Java thread stack sizes (-Xss)
#   Set larger code cache with -XX:ReservedCodeCacheSize=
#   JVM is running with Unscaled Compressed Oops mode in which the Java heap is
#     placed in the first 4GB address space. The Java Heap base address is the
#     maximum limit for the native heap growth. Please use -XX:HeapBaseMinAddress
#     to set the Java Heap base and to place the Java Heap above 4GB virtual address.
# This output file may be truncated or incomplete.
#
#  Out of Memory Error (os_windows.cpp:3769), pid=8060, tid=1148
#
# JRE version: OpenJDK Runtime Environment JBR-17.0.6+10-829.9-nomod (17.0.6+10) (build 17.0.6+10-b829.9)
# Java VM: OpenJDK 64-Bit Server VM JBR-17.0.6+10-829.9-nomod (17.0.6+10-b829.9, mixed mode, tiered, compressed oops, compressed class ptrs, g1 gc, windows-amd64)
# No core dump will be written. Minidumps are not enabled by default on client versions of Windows
#

---------------  S U M M A R Y ------------

Command Line: --add-opens=java.base/java.util=ALL-UNNAMED --add-opens=java.base/java.lang=ALL-UNNAMED --add-opens=java.base/java.lang.invoke=ALL-UNNAMED --add-opens=java.base/java.util=ALL-UNNAMED --add-opens=java.prefs/java.util.prefs=ALL-UNNAMED --add-opens=java.prefs/java.util.prefs=ALL-UNNAMED --add-opens=java.base/java.nio.charset=ALL-UNNAMED --add-opens=java.base/java.net=ALL-UNNAMED --add-opens=java.base/java.util.concurrent.atomic=ALL-UNNAMED -Xmx2048m -Dfile.encoding=UTF-8 -Duser.country=US -Duser.language=en -Duser.variant org.gradle.launcher.daemon.bootstrap.GradleDaemon 7.5

Host: Intel(R) Pentium(R) Gold G6400 CPU @ 4.00GHz, 4 cores, 7G,  Windows 10 , 64 bit Build 19041 (10.0.19041.2788)
Time: Tue May  9 18:04:02 2023 Central Europe Daylight Time elapsed time: 906.405299 seconds (0d 0h 15m 6s)

---------------  T H R E A D  ---------------

Current thread (0x0000023e3591e000):  VMThread "VM Thread" [stack: 0x0000009b65900000,0x0000009b65a00000] [id=1148]

Stack: [0x0000009b65900000,0x0000009b65a00000]
Native frames: (J=compiled Java code, j=interpreted, Vv=VM code, C=native code)
V  [jvm.dll+0x683c5a]  os::platform_print_native_stack+0xca  (os_windows_x86.cpp:235)
V  [jvm.dll+0x842764]  VMError::report+0xc34  (vmError.cpp:742)
V  [jvm.dll+0x843f5e]  VMError::report_and_die+0x78e  (vmError.cpp:1557)
V  [jvm.dll+0x8445c3]  VMError::report_and_die+0x43  (vmError.cpp:1343)
V  [jvm.dll+0x249b75]  report_vm_out_of_memory+0x85  (debug.cpp:323)
V  [jvm.dll+0x680b29]  os::pd_commit_memory_or_exit+0xc9  (os_windows.cpp:3777)
V  [jvm.dll+0x67501a]  os::commit_memory_or_exit+0x2a  (os.cpp:1814)
V  [jvm.dll+0x309acb]  G1PageBasedVirtualSpace::commit+0x19b  (g1PageBasedVirtualSpace.cpp:204)
V  [jvm.dll+0x310f86]  G1RegionsLargerThanCommitSizeMapper::commit_regions+0x96  (g1RegionToSpaceMapper.cpp:100)
V  [jvm.dll+0x3608ee]  HeapRegionManager::expand_any+0xee  (heapRegionManager.cpp:363)
V  [jvm.dll+0x360b1f]  HeapRegionManager::expand_by+0x7f  (heapRegionManager.cpp:380)
V  [jvm.dll+0x2dfbf8]  G1CollectedHeap::expand+0xb8  (g1CollectedHeap.cpp:1298)
V  [jvm.dll+0x2ddec4]  G1CollectedHeap::do_collection_pause_at_safepoint_helper+0x9e4  (g1CollectedHeap.cpp:3049)
V  [jvm.dll+0x2dd4cc]  G1CollectedHeap::do_collection_pause_at_safepoint+0x5c  (g1CollectedHeap.cpp:2912)
V  [jvm.dll+0x322261]  VM_G1TryInitiateConcMark::doit+0x81  (g1VMOperations.cpp:97)
V  [jvm.dll+0x848c8b]  VM_Operation::evaluate+0xfb  (vmOperations.cpp:73)
V  [jvm.dll+0x8499c4]  VMThread::evaluate_operation+0xe4  (vmThread.cpp:270)
V  [jvm.dll+0x849edd]  VMThread::inner_execute+0x1ad  (vmThread.cpp:418)
V  [jvm.dll+0x84a2b4]  VMThread::loop+0x254  (vmThread.cpp:482)
V  [jvm.dll+0x84a380]  VMThread::run+0x70  (vmThread.cpp:167)
V  [jvm.dll+0x7f270a]  Thread::call_run+0x8a  (thread.cpp:404)
V  [jvm.dll+0x682a95]  thread_native_entry+0x75  (os_windows.cpp:548)
C  [ucrtbase.dll+0x21bb2]
C  [KERNEL32.DLL+0x17604]
C  [ntdll.dll+0x526a1]

VM_Operation (0x0000009b666fac00): G1TryInitiateConcMark, mode: safepoint, requested by thread 0x0000023e39e48020


---------------  P R O C E S S  ---------------

Threads class SMR info:
_java_thread_list=0x0000023e39e9c790, length=43, elements={
0x0000023e1c05cd20, 0x0000023e359223b0, 0x0000023e35923270, 0x0000023e3595e4e0,
0x0000023e364091a0, 0x0000023e3640ca80, 0x0000023e3640d340, 0x0000023e3640fff0,
0x0000023e364109a0, 0x0000023e3642ef80, 0x0000023e365a3600, 0x0000023e365a3ee0,
0x0000023e394bfee0, 0x0000023e394bf540, 0x0000023e394be6d0, 0x0000023e394bf070,
0x0000023e394be200, 0x0000023e394bfa10, 0x0000023e3c7750e0, 0x0000023e3c776dc0,
0x0000023e3c779440, 0x0000023e3c773400, 0x0000023e3c779910, 0x0000023e3c775f50,
0x0000023e3c7738d0, 0x0000023e3c7755b0, 0x0000023e375a0810, 0x0000023e40b40290,
0x0000023e40b3ef50, 0x0000023e40b445f0, 0x0000023e40b3d270, 0x0000023e40b44120,
0x0000023e39e489c0, 0x0000023e39e48020, 0x0000023e375a0ce0, 0x0000023e3c774740,
0x0000023e37d60c50, 0x0000023e37d5f910, 0x0000023e37d5e100, 0x0000023e37d5ef70,
0x0000023e37d60780, 0x0000023e37d5d760, 0x0000023e37d5d290
}

Java Threads: ( => current thread )
  0x0000023e1c05cd20 JavaThread "main" [_thread_blocked, id=7368, stack(0x0000009b65300000,0x0000009b65400000)]
  0x0000023e359223b0 JavaThread "Reference Handler" daemon [_thread_blocked, id=5452, stack(0x0000009b65a00000,0x0000009b65b00000)]
  0x0000023e35923270 JavaThread "Finalizer" daemon [_thread_blocked, id=10496, stack(0x0000009b65b00000,0x0000009b65c00000)]
  0x0000023e3595e4e0 JavaThread "Signal Dispatcher" daemon [_thread_blocked, id=13692, stack(0x0000009b65c00000,0x0000009b65d00000)]
  0x0000023e364091a0 JavaThread "Attach Listener" daemon [_thread_blocked, id=10416, stack(0x0000009b65d00000,0x0000009b65e00000)]
  0x0000023e3640ca80 JavaThread "Service Thread" daemon [_thread_blocked, id=8348, stack(0x0000009b65e00000,0x0000009b65f00000)]
  0x0000023e3640d340 JavaThread "Monitor Deflation Thread" daemon [_thread_blocked, id=1676, stack(0x0000009b65f00000,0x0000009b66000000)]
  0x0000023e3640fff0 JavaThread "C2 CompilerThread0" daemon [_thread_blocked, id=12240, stack(0x0000009b66000000,0x0000009b66100000)]
  0x0000023e364109a0 JavaThread "C1 CompilerThread0" daemon [_thread_blocked, id=11828, stack(0x0000009b66100000,0x0000009b66200000)]
  0x0000023e3642ef80 JavaThread "Sweeper thread" daemon [_thread_blocked, id=2780, stack(0x0000009b66200000,0x0000009b66300000)]
  0x0000023e365a3600 JavaThread "Common-Cleaner" daemon [_thread_blocked, id=1684, stack(0x0000009b66300000,0x0000009b66400000)]
  0x0000023e365a3ee0 JavaThread "Notification Thread" daemon [_thread_blocked, id=968, stack(0x0000009b66400000,0x0000009b66500000)]
  0x0000023e394bfee0 JavaThread "Daemon health stats" [_thread_blocked, id=672, stack(0x0000009b66a00000,0x0000009b66b00000)]
  0x0000023e394bf540 JavaThread "Incoming local TCP Connector on port 51277" [_thread_in_native, id=2948, stack(0x0000009b66b00000,0x0000009b66c00000)]
  0x0000023e394be6d0 JavaThread "Daemon periodic checks" [_thread_blocked, id=5608, stack(0x0000009b66c00000,0x0000009b66d00000)]
  0x0000023e394bf070 JavaThread "Cache worker for journal cache (C:\Users\student\.gradle\caches\journal-1)" [_thread_blocked, id=3680, stack(0x0000009b67400000,0x0000009b67500000)]
  0x0000023e394be200 JavaThread "File lock request listener" [_thread_in_native, id=608, stack(0x0000009b67500000,0x0000009b67600000)]
  0x0000023e394bfa10 JavaThread "Cache worker for file hash cache (C:\Users\student\.gradle\caches\7.5\fileHashes)" [_thread_blocked, id=11452, stack(0x0000009b67600000,0x0000009b67700000)]
  0x0000023e3c7750e0 JavaThread "File watcher server" daemon [_thread_blocked, id=2864, stack(0x0000009b67700000,0x0000009b67800000)]
  0x0000023e3c776dc0 JavaThread "File watcher consumer" daemon [_thread_blocked, id=9212, stack(0x0000009b67800000,0x0000009b67900000)]
  0x0000023e3c779440 JavaThread "Cache worker for file content cache (C:\Users\student\.gradle\caches\7.5\fileContent)" [_thread_blocked, id=13660, stack(0x0000009b67b00000,0x0000009b67c00000)]
  0x0000023e3c773400 JavaThread "Cache worker for execution history cache (C:\Users\student\.gradle\caches\7.5\executionHistory)" [_thread_blocked, id=260, stack(0x0000009b67e00000,0x0000009b67f00000)]
  0x0000023e3c779910 JavaThread "jar transforms" [_thread_blocked, id=6844, stack(0x0000009b67f00000,0x0000009b68000000)]
  0x0000023e3c775f50 JavaThread "jar transforms Thread 2" [_thread_blocked, id=2908, stack(0x0000009b68000000,0x0000009b68100000)]
  0x0000023e3c7738d0 JavaThread "jar transforms Thread 3" [_thread_blocked, id=13400, stack(0x0000009b68200000,0x0000009b68300000)]
  0x0000023e3c7755b0 JavaThread "jar transforms Thread 4" [_thread_blocked, id=1704, stack(0x0000009b68300000,0x0000009b68400000)]
  0x0000023e375a0810 JavaThread "Memory manager" [_thread_blocked, id=7924, stack(0x0000009b6b000000,0x0000009b6b100000)]
  0x0000023e40b40290 JavaThread "RMI Scheduler(0)" daemon [_thread_blocked, id=4632, stack(0x0000009b6bf00000,0x0000009b6c000000)]
  0x0000023e40b3ef50 JavaThread "RMI GC Daemon" daemon [_thread_blocked, id=10408, stack(0x0000009b6c100000,0x0000009b6c200000)]
  0x0000023e40b445f0 JavaThread "RMI TCP Accept-0" daemon [_thread_in_native, id=5680, stack(0x0000009b6be00000,0x0000009b6bf00000)]
  0x0000023e40b3d270 JavaThread "RMI Reaper" [_thread_blocked, id=2168, stack(0x0000009b6c200000,0x0000009b6c300000)]
  0x0000023e40b44120 JavaThread "Cache worker for Java compile cache (C:\Users\student\.gradle\caches\7.5\javaCompile)" [_thread_blocked, id=10892, stack(0x0000009b6c400000,0x0000009b6c500000)]
  0x0000023e39e489c0 JavaThread "Daemon Thread 3" [_thread_blocked, id=9260, stack(0x0000009b65000000,0x0000009b65100000)]
  0x0000023e39e48020 JavaThread "Daemon worker Thread 3" [_thread_blocked, id=12608, stack(0x0000009b66600000,0x0000009b66700000)]
  0x0000023e375a0ce0 JavaThread "included builds" [_thread_blocked, id=13332, stack(0x0000009b6ac00000,0x0000009b6ad00000)]
  0x0000023e3c774740 JavaThread "RMI TCP Connection(idle)" daemon [_thread_blocked, id=12252, stack(0x0000009b6b400000,0x0000009b6b500000)]
  0x0000023e37d60c50 JavaThread "ForkJoinPool.commonPool-worker-5" daemon [_thread_blocked, id=4504, stack(0x0000009b6bc00000,0x0000009b6bd00000)]
  0x0000023e37d5f910 JavaThread "RMI TCP Connection(idle)" daemon [_thread_blocked, id=4012, stack(0x0000009b65100000,0x0000009b65200000)]
  0x0000023e37d5e100 JavaThread "Handler for socket connection from /127.0.0.1:51277 to /127.0.0.1:52307" [_thread_in_native, id=4712, stack(0x0000009b65200000,0x0000009b65300000)]
  0x0000023e37d5ef70 JavaThread "Cancel handler" [_thread_blocked, id=1928, stack(0x0000009b66d00000,0x0000009b66e00000)]
  0x0000023e37d60780 JavaThread "Asynchronous log dispatcher for DefaultDaemonConnection: socket connection from /127.0.0.1:51277 to /127.0.0.1:52307" [_thread_blocked, id=3016, stack(0x0000009b66e00000,0x0000009b66f00000)]
  0x0000023e37d5d760 JavaThread "Stdin handler" [_thread_blocked, id=8684, stack(0x0000009b66f00000,0x0000009b67000000)]
  0x0000023e37d5d290 JavaThread "Daemon client event forwarder" [_thread_blocked, id=7092, stack(0x0000009b67000000,0x0000009b67100000)]

Other Threads:
=>0x0000023e3591e000 VMThread "VM Thread" [stack: 0x0000009b65900000,0x0000009b65a00000] [id=1148]
  0x0000023e1c0d8130 WatcherThread [stack: 0x0000009b66500000,0x0000009b66600000] [id=5644]
  0x0000023e1c0b6f70 GCTaskThread "GC Thread#0" [stack: 0x0000009b65400000,0x0000009b65500000] [id=6904]
  0x0000023e36d4bf40 GCTaskThread "GC Thread#1" [stack: 0x0000009b66700000,0x0000009b66800000] [id=8608]
  0x0000023e36c6cb10 GCTaskThread "GC Thread#2" [stack: 0x0000009b66800000,0x0000009b66900000] [id=4700]
  0x0000023e36a742a0 GCTaskThread "GC Thread#3" [stack: 0x0000009b66900000,0x0000009b66a00000] [id=8752]
  0x0000023e1c0c7dc0 ConcurrentGCThread "G1 Main Marker" [stack: 0x0000009b65500000,0x0000009b65600000] [id=1744]
  0x0000023e1c0c86e0 ConcurrentGCThread "G1 Conc#0" [stack: 0x0000009b65600000,0x0000009b65700000] [id=8700]
  0x0000023e1c125380 ConcurrentGCThread "G1 Refine#0" [stack: 0x0000009b65700000,0x0000009b65800000] [id=12472]
  0x0000023e39069d30 ConcurrentGCThread "G1 Refine#1" [stack: 0x0000009b68100000,0x0000009b68200000] [id=11120]
  0x0000023e1c125cb0 ConcurrentGCThread "G1 Service" [stack: 0x0000009b65800000,0x0000009b65900000] [id=1396]

Threads with active compile tasks:

VM state: at safepoint (normal execution)

VM Mutex/Monitor currently owned by a thread:  ([mutex/lock_event])
[0x0000023e1c059300] Threads_lock - owner thread: 0x0000023e3591e000
[0x0000023e1c058850] Heap_lock - owner thread: 0x0000023e39e48020

Heap address: 0x0000000080000000, size: 2048 MB, Compressed Oops mode: 32-bit

CDS archive(s) not mapped
Compressed class space mapped at: 0x0000000100000000-0x0000000140000000, reserved size: 1073741824
Narrow klass base: 0x0000000000000000, Narrow klass shift: 3, Narrow klass range: 0x140000000

GC Precious Log:
 CPUs: 4 total, 4 available
 Memory: 7837M
 Large Page Support: Disabled
 NUMA Support: Disabled
 Compressed Oops: Enabled (32-bit)
 Heap Region Size: 1M
 Heap Min Capacity: 8M
 Heap Initial Capacity: 124M
 Heap Max Capacity: 2G
 Pre-touch: Disabled
 Parallel Workers: 4
 Concurrent Workers: 1
 Concurrent Refinement Workers: 4
 Periodic GC: Disabled

Heap:
 garbage-first heap   total 318464K, used 130499K [0x0000000080000000, 0x0000000100000000)
  region size 1024K, 1 young (1024K), 1 survivors (1024K)
 Metaspace       used 148039K, committed 149184K, reserved 1179648K
  class space    used 19770K, committed 20288K, reserved 1048576K

Heap Regions: E=young(eden), S=young(survivor), O=old, HS=humongous(starts), HC=humongous(continues), CS=collection set, F=free, OA=open archive, CA=closed archive, TAMS=top-at-mark-start (previous, next)
|   0|0x0000000080000000, 0x0000000080100000, 0x0000000080100000|100%|HS|  |TAMS 0x0000000080100000, 0x0000000080100000| Complete 
|   1|0x0000000080100000, 0x0000000080200000, 0x0000000080200000|100%|HC|  |TAMS 0x0000000080200000, 0x0000000080200000| Complete 
|   2|0x0000000080200000, 0x0000000080300000, 0x0000000080300000|100%|HC|  |TAMS 0x0000000080300000, 0x0000000080300000| Complete 
|   3|0x0000000080300000, 0x0000000080400000, 0x0000000080400000|100%| O|  |TAMS 0x0000000080400000, 0x0000000080400000| Untracked 
|   4|0x0000000080400000, 0x0000000080500000, 0x0000000080500000|100%| O|  |TAMS 0x0000000080500000, 0x0000000080500000| Untracked 
|   5|0x0000000080500000, 0x0000000080600000, 0x0000000080600000|100%| O|  |TAMS 0x0000000080600000, 0x0000000080600000| Untracked 
|   6|0x0000000080600000, 0x0000000080700000, 0x0000000080700000|100%| O|  |TAMS 0x0000000080700000, 0x0000000080700000| Untracked 
|   7|0x0000000080700000, 0x0000000080800000, 0x0000000080800000|100%| O|  |TAMS 0x0000000080800000, 0x0000000080800000| Untracked 
|   8|0x0000000080800000, 0x0000000080900000, 0x0000000080900000|100%| O|  |TAMS 0x0000000080900000, 0x0000000080900000| Untracked 
|   9|0x0000000080900000, 0x0000000080a00000, 0x0000000080a00000|100%| O|  |TAMS 0x0000000080a00000, 0x0000000080a00000| Untracked 
|  10|0x0000000080a00000, 0x0000000080b00000, 0x0000000080b00000|100%| O|  |TAMS 0x0000000080b00000, 0x0000000080b00000| Untracked 
|  11|0x0000000080b00000, 0x0000000080c00000, 0x0000000080c00000|100%| O|  |TAMS 0x0000000080c00000, 0x0000000080c00000| Untracked 
|  12|0x0000000080c00000, 0x0000000080d00000, 0x0000000080d00000|100%| O|  |TAMS 0x0000000080d00000, 0x0000000080d00000| Untracked 
|  13|0x0000000080d00000, 0x0000000080e00000, 0x0000000080e00000|100%| O|  |TAMS 0x0000000080e00000, 0x0000000080e00000| Untracked 
|  14|0x0000000080e00000, 0x0000000080f00000, 0x0000000080f00000|100%| O|  |TAMS 0x0000000080f00000, 0x0000000080f00000| Untracked 
|  15|0x0000000080f00000, 0x0000000081000000, 0x0000000081000000|100%| O|  |TAMS 0x0000000081000000, 0x0000000081000000| Untracked 
|  16|0x0000000081000000, 0x0000000081100000, 0x0000000081100000|100%| O|  |TAMS 0x0000000081100000, 0x0000000081100000| Untracked 
|  17|0x0000000081100000, 0x0000000081200000, 0x0000000081200000|100%| O|  |TAMS 0x0000000081200000, 0x0000000081200000| Untracked 
|  18|0x0000000081200000, 0x0000000081300000, 0x0000000081300000|100%| O|  |TAMS 0x0000000081300000, 0x0000000081300000| Untracked 
|  19|0x0000000081300000, 0x0000000081400000, 0x0000000081400000|100%| O|  |TAMS 0x0000000081400000, 0x0000000081400000| Untracked 
|  20|0x0000000081400000, 0x0000000081500000, 0x0000000081500000|100%| O|  |TAMS 0x0000000081500000, 0x0000000081500000| Untracked 
|  21|0x0000000081500000, 0x0000000081600000, 0x0000000081600000|100%| O|  |TAMS 0x0000000081600000, 0x0000000081600000| Untracked 
|  22|0x0000000081600000, 0x0000000081700000, 0x0000000081700000|100%| O|  |TAMS 0x0000000081700000, 0x0000000081700000| Untracked 
|  23|0x0000000081700000, 0x0000000081800000, 0x0000000081800000|100%| O|  |TAMS 0x0000000081800000, 0x0000000081800000| Untracked 
|  24|0x0000000081800000, 0x0000000081900000, 0x0000000081900000|100%| O|  |TAMS 0x0000000081900000, 0x0000000081900000| Untracked 
|  25|0x0000000081900000, 0x0000000081a00000, 0x0000000081a00000|100%| O|  |TAMS 0x0000000081a00000, 0x0000000081a00000| Untracked 
|  26|0x0000000081a00000, 0x0000000081b00000, 0x0000000081b00000|100%| O|  |TAMS 0x0000000081b00000, 0x0000000081b00000| Untracked 
|  27|0x0000000081b00000, 0x0000000081c00000, 0x0000000081c00000|100%| O|  |TAMS 0x0000000081c00000, 0x0000000081c00000| Untracked 
|  28|0x0000000081c00000, 0x0000000081d00000, 0x0000000081d00000|100%| O|  |TAMS 0x0000000081d00000, 0x0000000081d00000| Untracked 
|  29|0x0000000081d00000, 0x0000000081e00000, 0x0000000081e00000|100%| O|  |TAMS 0x0000000081e00000, 0x0000000081e00000| Untracked 
|  30|0x0000000081e00000, 0x0000000081f00000, 0x0000000081f00000|100%| O|  |TAMS 0x0000000081f00000, 0x0000000081f00000| Untracked 
|  31|0x0000000081f00000, 0x0000000082000000, 0x0000000082000000|100%| O|  |TAMS 0x0000000082000000, 0x0000000082000000| Untracked 
|  32|0x0000000082000000, 0x0000000082100000, 0x0000000082100000|100%| O|  |TAMS 0x0000000082000000, 0x0000000082100000| Untracked 
|  33|0x0000000082100000, 0x0000000082200000, 0x0000000082200000|100%| O|  |TAMS 0x0000000082200000, 0x0000000082200000| Untracked 
|  34|0x0000000082200000, 0x0000000082300000, 0x0000000082300000|100%| O|  |TAMS 0x0000000082300000, 0x0000000082300000| Untracked 
|  35|0x0000000082300000, 0x0000000082400000, 0x0000000082400000|100%| O|  |TAMS 0x0000000082400000, 0x0000000082400000| Untracked 
|  36|0x0000000082400000, 0x0000000082500000, 0x0000000082500000|100%| O|  |TAMS 0x0000000082500000, 0x0000000082500000| Untracked 
|  37|0x0000000082500000, 0x0000000082600000, 0x0000000082600000|100%|HS|  |TAMS 0x0000000082600000, 0x0000000082600000| Complete 
|  38|0x0000000082600000, 0x0000000082700000, 0x0000000082700000|100%|HS|  |TAMS 0x0000000082700000, 0x0000000082700000| Complete 
|  39|0x0000000082700000, 0x0000000082800000, 0x0000000082800000|100%|HC|  |TAMS 0x0000000082800000, 0x0000000082800000| Complete 
|  40|0x0000000082800000, 0x0000000082900000, 0x0000000082900000|100%|HS|  |TAMS 0x0000000082900000, 0x0000000082900000| Complete 
|  41|0x0000000082900000, 0x0000000082a00000, 0x0000000082a00000|100%| O|  |TAMS 0x0000000082a00000, 0x0000000082a00000| Untracked 
|  42|0x0000000082a00000, 0x0000000082b00000, 0x0000000082b00000|100%|HS|  |TAMS 0x0000000082b00000, 0x0000000082b00000| Complete 
|  43|0x0000000082b00000, 0x0000000082c00000, 0x0000000082c00000|100%|HC|  |TAMS 0x0000000082c00000, 0x0000000082c00000| Complete 
|  44|0x0000000082c00000, 0x0000000082d00000, 0x0000000082d00000|100%|HC|  |TAMS 0x0000000082d00000, 0x0000000082d00000| Complete 
|  45|0x0000000082d00000, 0x0000000082e00000, 0x0000000082e00000|100%|HC|  |TAMS 0x0000000082e00000, 0x0000000082e00000| Complete 
|  46|0x0000000082e00000, 0x0000000082f00000, 0x0000000082f00000|100%| O|  |TAMS 0x0000000082f00000, 0x0000000082f00000| Untracked 
|  47|0x0000000082f00000, 0x0000000083000000, 0x0000000083000000|100%| O|  |TAMS 0x0000000083000000, 0x0000000083000000| Untracked 
|  48|0x0000000083000000, 0x0000000083100000, 0x0000000083100000|100%| O|  |TAMS 0x0000000083100000, 0x0000000083100000| Untracked 
|  49|0x0000000083100000, 0x0000000083200000, 0x0000000083200000|100%| O|  |TAMS 0x0000000083200000, 0x0000000083200000| Untracked 
|  50|0x0000000083200000, 0x0000000083300000, 0x0000000083300000|100%| O|  |TAMS 0x0000000083300000, 0x0000000083300000| Untracked 
|  51|0x0000000083300000, 0x0000000083400000, 0x0000000083400000|100%| O|  |TAMS 0x0000000083400000, 0x0000000083400000| Untracked 
|  52|0x0000000083400000, 0x0000000083500000, 0x0000000083500000|100%| O|  |TAMS 0x0000000083500000, 0x0000000083500000| Untracked 
|  53|0x0000000083500000, 0x0000000083600000, 0x0000000083600000|100%| O|  |TAMS 0x0000000083600000, 0x0000000083600000| Untracked 
|  54|0x0000000083600000, 0x0000000083700000, 0x0000000083700000|100%| O|  |TAMS 0x0000000083700000, 0x0000000083700000| Untracked 
|  55|0x0000000083700000, 0x0000000083800000, 0x0000000083800000|100%| O|  |TAMS 0x0000000083800000, 0x0000000083800000| Untracked 
|  56|0x0000000083800000, 0x0000000083900000, 0x0000000083900000|100%| O|  |TAMS 0x0000000083900000, 0x0000000083900000| Untracked 
|  57|0x0000000083900000, 0x0000000083a00000, 0x0000000083a00000|100%| O|  |TAMS 0x0000000083a00000, 0x0000000083a00000| Untracked 
|  58|0x0000000083a00000, 0x0000000083b00000, 0x0000000083b00000|100%| O|  |TAMS 0x0000000083b00000, 0x0000000083b00000| Untracked 
|  59|0x0000000083b00000, 0x0000000083c00000, 0x0000000083c00000|100%| O|  |TAMS 0x0000000083c00000, 0x0000000083c00000| Untracked 
|  60|0x0000000083c00000, 0x0000000083d00000, 0x0000000083d00000|100%| O|  |TAMS 0x0000000083d00000, 0x0000000083d00000| Untracked 
|  61|0x0000000083d00000, 0x0000000083e00000, 0x0000000083e00000|100%| O|  |TAMS 0x0000000083e00000, 0x0000000083e00000| Untracked 
|  62|0x0000000083e00000, 0x0000000083f00000, 0x0000000083f00000|100%| O|  |TAMS 0x0000000083f00000, 0x0000000083f00000| Untracked 
|  63|0x0000000083f00000, 0x0000000084000000, 0x0000000084000000|100%| O|  |TAMS 0x0000000084000000, 0x0000000084000000| Untracked 
|  64|0x0000000084000000, 0x0000000084100000, 0x0000000084100000|100%| O|  |TAMS 0x0000000084100000, 0x0000000084100000| Untracked 
|  65|0x0000000084100000, 0x0000000084200000, 0x0000000084200000|100%| O|  |TAMS 0x0000000084200000, 0x0000000084200000| Untracked 
|  66|0x0000000084200000, 0x0000000084300000, 0x0000000084300000|100%| O|  |TAMS 0x0000000084200000, 0x0000000084300000| Untracked 
|  67|0x0000000084300000, 0x0000000084400000, 0x0000000084400000|100%| O|  |TAMS 0x0000000084400000, 0x0000000084400000| Untracked 
|  68|0x0000000084400000, 0x0000000084500000, 0x0000000084500000|100%| O|  |TAMS 0x0000000084500000, 0x0000000084500000| Untracked 
|  69|0x0000000084500000, 0x0000000084600000, 0x0000000084600000|100%| O|  |TAMS 0x0000000084600000, 0x0000000084600000| Untracked 
|  70|0x0000000084600000, 0x0000000084700000, 0x0000000084700000|100%| O|  |TAMS 0x0000000084700000, 0x0000000084700000| Untracked 
|  71|0x0000000084700000, 0x0000000084800000, 0x0000000084800000|100%| O|  |TAMS 0x0000000084800000, 0x0000000084800000| Untracked 
|  72|0x0000000084800000, 0x0000000084900000, 0x0000000084900000|100%| O|  |TAMS 0x0000000084900000, 0x0000000084900000| Untracked 
|  73|0x0000000084900000, 0x0000000084a00000, 0x0000000084a00000|100%| O|  |TAMS 0x0000000084a00000, 0x0000000084a00000| Untracked 
|  74|0x0000000084a00000, 0x0000000084b00000, 0x0000000084b00000|100%| O|  |TAMS 0x0000000084b00000, 0x0000000084b00000| Untracked 
|  75|0x0000000084b00000, 0x0000000084c00000, 0x0000000084c00000|100%| O|  |TAMS 0x0000000084b00000, 0x0000000084c00000| Untracked 
|  76|0x0000000084c00000, 0x0000000084d00000, 0x0000000084d00000|100%| O|  |TAMS 0x0000000084d00000, 0x0000000084d00000| Untracked 
|  77|0x0000000084d00000, 0x0000000084e00000, 0x0000000084e00000|100%| O|  |TAMS 0x0000000084e00000, 0x0000000084e00000| Untracked 
|  78|0x0000000084e00000, 0x0000000084f00000, 0x0000000084f00000|100%| O|  |TAMS 0x0000000084f00000, 0x0000000084f00000| Untracked 
|  79|0x0000000084f00000, 0x0000000085000000, 0x0000000085000000|100%| O|  |TAMS 0x0000000085000000, 0x0000000085000000| Untracked 
|  80|0x0000000085000000, 0x0000000085100000, 0x0000000085100000|100%| O|  |TAMS 0x0000000085100000, 0x0000000085100000| Untracked 
|  81|0x0000000085100000, 0x0000000085200000, 0x0000000085200000|100%| O|  |TAMS 0x0000000085200000, 0x0000000085200000| Untracked 
|  82|0x0000000085200000, 0x0000000085300000, 0x0000000085300000|100%| O|  |TAMS 0x0000000085300000, 0x0000000085300000| Untracked 
|  83|0x0000000085300000, 0x0000000085400000, 0x0000000085400000|100%| O|  |TAMS 0x0000000085400000, 0x0000000085400000| Untracked 
|  84|0x0000000085400000, 0x0000000085500000, 0x0000000085500000|100%| O|  |TAMS 0x0000000085500000, 0x0000000085500000| Untracked 
|  85|0x0000000085500000, 0x0000000085600000, 0x0000000085600000|100%| O|  |TAMS 0x0000000085600000, 0x0000000085600000| Untracked 
|  86|0x0000000085600000, 0x0000000085700000, 0x0000000085700000|100%| O|  |TAMS 0x0000000085700000, 0x0000000085700000| Untracked 
|  87|0x0000000085700000, 0x00000000857e1a00, 0x0000000085800000| 88%| O|  |TAMS 0x0000000085700000, 0x00000000857e1a00| Untracked 
|  88|0x0000000085800000, 0x0000000085900000, 0x0000000085900000|100%| O|  |TAMS 0x0000000085900000, 0x0000000085900000| Untracked 
|  89|0x0000000085900000, 0x0000000085900000, 0x0000000085a00000|  0%| F|  |TAMS 0x0000000085900000, 0x0000000085900000| Untracked 
|  90|0x0000000085a00000, 0x0000000085b00000, 0x0000000085b00000|100%| O|  |TAMS 0x0000000085b00000, 0x0000000085b00000| Untracked 
|  91|0x0000000085b00000, 0x0000000085c00000, 0x0000000085c00000|100%| O|  |TAMS 0x0000000085c00000, 0x0000000085c00000| Untracked 
|  92|0x0000000085c00000, 0x0000000085d00000, 0x0000000085d00000|100%| O|  |TAMS 0x0000000085d00000, 0x0000000085d00000| Untracked 
|  93|0x0000000085d00000, 0x0000000085e00000, 0x0000000085e00000|100%| O|  |TAMS 0x0000000085e00000, 0x0000000085e00000| Untracked 
|  94|0x0000000085e00000, 0x0000000085f00000, 0x0000000085f00000|100%| O|  |TAMS 0x0000000085f00000, 0x0000000085f00000| Untracked 
|  95|0x0000000085f00000, 0x0000000086000000, 0x0000000086000000|100%| O|  |TAMS 0x0000000086000000, 0x0000000086000000| Untracked 
|  96|0x0000000086000000, 0x0000000086100000, 0x0000000086100000|100%| O|  |TAMS 0x0000000086100000, 0x0000000086100000| Untracked 
|  97|0x0000000086100000, 0x0000000086200000, 0x0000000086200000|100%| O|  |TAMS 0x0000000086200000, 0x0000000086200000| Untracked 
|  98|0x0000000086200000, 0x0000000086300000, 0x0000000086300000|100%| O|  |TAMS 0x0000000086300000, 0x0000000086300000| Untracked 
|  99|0x0000000086300000, 0x0000000086300000, 0x0000000086400000|  0%| F|  |TAMS 0x0000000086300000, 0x0000000086300000| Untracked 
| 100|0x0000000086400000, 0x0000000086500000, 0x0000000086500000|100%| O|  |TAMS 0x0000000086500000, 0x0000000086500000| Untracked 
| 101|0x0000000086500000, 0x0000000086600000, 0x0000000086600000|100%| O|  |TAMS 0x0000000086600000, 0x0000000086600000| Untracked 
| 102|0x0000000086600000, 0x0000000086700000, 0x0000000086700000|100%| O|  |TAMS 0x0000000086700000, 0x0000000086700000| Untracked 
| 103|0x0000000086700000, 0x0000000086700000, 0x0000000086800000|  0%| F|  |TAMS 0x0000000086700000, 0x0000000086700000| Untracked 
| 104|0x0000000086800000, 0x0000000086900000, 0x0000000086900000|100%| O|  |TAMS 0x0000000086900000, 0x0000000086900000| Untracked 
| 105|0x0000000086900000, 0x0000000086a00000, 0x0000000086a00000|100%| O|  |TAMS 0x0000000086a00000, 0x0000000086a00000| Untracked 
| 106|0x0000000086a00000, 0x0000000086a00000, 0x0000000086b00000|  0%| F|  |TAMS 0x0000000086a00000, 0x0000000086a00000| Untracked 
| 107|0x0000000086b00000, 0x0000000086b00000, 0x0000000086c00000|  0%| F|  |TAMS 0x0000000086b00000, 0x0000000086b00000| Untracked 
| 108|0x0000000086c00000, 0x0000000086c00000, 0x0000000086d00000|  0%| F|  |TAMS 0x0000000086c00000, 0x0000000086c00000| Untracked 
| 109|0x0000000086d00000, 0x0000000086d00000, 0x0000000086e00000|  0%| F|  |TAMS 0x0000000086d00000, 0x0000000086d00000| Untracked 
| 110|0x0000000086e00000, 0x0000000086e00000, 0x0000000086f00000|  0%| F|  |TAMS 0x0000000086e00000, 0x0000000086e00000| Untracked 
| 111|0x0000000086f00000, 0x0000000086f00000, 0x0000000087000000|  0%| F|  |TAMS 0x0000000086f00000, 0x0000000086f00000| Untracked 
| 112|0x0000000087000000, 0x0000000087000000, 0x0000000087100000|  0%| F|  |TAMS 0x0000000087000000, 0x0000000087000000| Untracked 
| 113|0x0000000087100000, 0x0000000087200000, 0x0000000087200000|100%| O|  |TAMS 0x0000000087200000, 0x0000000087200000| Untracked 
| 114|0x0000000087200000, 0x0000000087300000, 0x0000000087300000|100%| O|  |TAMS 0x0000000087300000, 0x0000000087300000| Untracked 
| 115|0x0000000087300000, 0x0000000087300000, 0x0000000087400000|  0%| F|  |TAMS 0x0000000087300000, 0x0000000087300000| Untracked 
| 116|0x0000000087400000, 0x0000000087400000, 0x0000000087500000|  0%| F|  |TAMS 0x0000000087400000, 0x0000000087400000| Untracked 
| 117|0x0000000087500000, 0x0000000087600000, 0x0000000087600000|100%| O|  |TAMS 0x0000000087600000, 0x0000000087600000| Untracked 
| 118|0x0000000087600000, 0x0000000087600000, 0x0000000087700000|  0%| F|  |TAMS 0x0000000087600000, 0x0000000087600000| Untracked 
| 119|0x0000000087700000, 0x0000000087800000, 0x0000000087800000|100%| O|  |TAMS 0x0000000087800000, 0x0000000087800000| Untracked 
| 120|0x0000000087800000, 0x0000000087800000, 0x0000000087900000|  0%| F|  |TAMS 0x0000000087800000, 0x0000000087800000| Untracked 
| 121|0x0000000087900000, 0x0000000087a00000, 0x0000000087a00000|100%| O|  |TAMS 0x0000000087a00000, 0x0000000087a00000| Untracked 
| 122|0x0000000087a00000, 0x0000000087b00000, 0x0000000087b00000|100%| O|  |TAMS 0x0000000087b00000, 0x0000000087b00000| Untracked 
| 123|0x0000000087b00000, 0x0000000087c00000, 0x0000000087c00000|100%| O|  |TAMS 0x0000000087c00000, 0x0000000087c00000| Untracked 
| 124|0x0000000087c00000, 0x0000000087c00000, 0x0000000087d00000|  0%| F|  |TAMS 0x0000000087c00000, 0x0000000087c00000| Untracked 
| 125|0x0000000087d00000, 0x0000000087e00000, 0x0000000087e00000|100%| O|  |TAMS 0x0000000087e00000, 0x0000000087e00000| Untracked 
| 126|0x0000000087e00000, 0x0000000087f00000, 0x0000000087f00000|100%| O|  |TAMS 0x0000000087f00000, 0x0000000087f00000| Untracked 
| 127|0x0000000087f00000, 0x0000000088000000, 0x0000000088000000|100%| O|  |TAMS 0x0000000088000000, 0x0000000088000000| Untracked 
| 128|0x0000000088000000, 0x0000000088000000, 0x0000000088100000|  0%| F|  |TAMS 0x0000000088000000, 0x0000000088000000| Untracked 
| 129|0x0000000088100000, 0x0000000088100000, 0x0000000088200000|  0%| F|  |TAMS 0x0000000088100000, 0x0000000088100000| Untracked 
| 130|0x0000000088200000, 0x0000000088200000, 0x0000000088300000|  0%| F|  |TAMS 0x0000000088200000, 0x0000000088200000| Untracked 
| 131|0x0000000088300000, 0x0000000088400000, 0x0000000088400000|100%| O|  |TAMS 0x0000000088400000, 0x0000000088400000| Untracked 
| 132|0x0000000088400000, 0x0000000088500000, 0x0000000088500000|100%| O|  |TAMS 0x0000000088500000, 0x0000000088500000| Untracked 
| 133|0x0000000088500000, 0x0000000088600000, 0x0000000088600000|100%| O|  |TAMS 0x0000000088600000, 0x0000000088600000| Untracked 
| 134|0x0000000088600000, 0x0000000088700000, 0x0000000088700000|100%| O|  |TAMS 0x0000000088700000, 0x0000000088700000| Untracked 
| 135|0x0000000088700000, 0x0000000088700000, 0x0000000088800000|  0%| F|  |TAMS 0x0000000088700000, 0x0000000088700000| Untracked 
| 136|0x0000000088800000, 0x0000000088900000, 0x0000000088900000|100%| O|  |TAMS 0x0000000088900000, 0x0000000088900000| Untracked 
| 137|0x0000000088900000, 0x0000000088a00000, 0x0000000088a00000|100%| O|  |TAMS 0x0000000088a00000, 0x0000000088a00000| Untracked 
| 138|0x0000000088a00000, 0x0000000088a00000, 0x0000000088b00000|  0%| F|  |TAMS 0x0000000088a00000, 0x0000000088a00000| Untracked 
| 139|0x0000000088b00000, 0x0000000088b00000, 0x0000000088c00000|  0%| F|  |TAMS 0x0000000088b00000, 0x0000000088b00000| Untracked 
| 140|0x0000000088c00000, 0x0000000088d00000, 0x0000000088d00000|100%| O|  |TAMS 0x0000000088d00000, 0x0000000088d00000| Untracked 
| 141|0x0000000088d00000, 0x0000000088e00000, 0x0000000088e00000|100%| O|  |TAMS 0x0000000088e00000, 0x0000000088e00000| Untracked 
| 142|0x0000000088e00000, 0x0000000088e00000, 0x0000000088f00000|  0%| F|  |TAMS 0x0000000088e00000, 0x0000000088e00000| Untracked 
| 143|0x0000000088f00000, 0x0000000088f00000, 0x0000000089000000|  0%| F|  |TAMS 0x0000000088f00000, 0x0000000088f00000| Untracked 
| 144|0x0000000089000000, 0x0000000089000000, 0x0000000089100000|  0%| F|  |TAMS 0x0000000089000000, 0x0000000089000000| Untracked 
| 145|0x0000000089100000, 0x0000000089100000, 0x0000000089200000|  0%| F|  |TAMS 0x0000000089100000, 0x0000000089100000| Untracked 
| 146|0x0000000089200000, 0x0000000089200000, 0x0000000089300000|  0%| F|  |TAMS 0x0000000089200000, 0x0000000089200000| Untracked 
| 147|0x0000000089300000, 0x0000000089400000, 0x0000000089400000|100%| O|  |TAMS 0x0000000089400000, 0x0000000089400000| Untracked 
| 148|0x0000000089400000, 0x0000000089500000, 0x0000000089500000|100%| O|  |TAMS 0x0000000089500000, 0x0000000089500000| Untracked 
| 149|0x0000000089500000, 0x0000000089500000, 0x0000000089600000|  0%| F|  |TAMS 0x0000000089500000, 0x0000000089500000| Untracked 
| 150|0x0000000089600000, 0x0000000089600000, 0x0000000089700000|  0%| F|  |TAMS 0x0000000089600000, 0x0000000089600000| Untracked 
| 151|0x0000000089700000, 0x0000000089800000, 0x0000000089800000|100%| O|  |TAMS 0x0000000089800000, 0x0000000089800000| Untracked 
| 152|0x0000000089800000, 0x0000000089900000, 0x0000000089900000|100%| O|  |TAMS 0x0000000089900000, 0x0000000089900000| Untracked 
| 153|0x0000000089900000, 0x0000000089900000, 0x0000000089a00000|  0%| F|  |TAMS 0x0000000089900000, 0x0000000089900000| Untracked 
| 154|0x0000000089a00000, 0x0000000089a00000, 0x0000000089b00000|  0%| F|  |TAMS 0x0000000089a00000, 0x0000000089a00000| Untracked 
| 155|0x0000000089b00000, 0x0000000089b00000, 0x0000000089c00000|  0%| F|  |TAMS 0x0000000089b00000, 0x0000000089b00000| Untracked 
| 156|0x0000000089c00000, 0x0000000089c00000, 0x0000000089d00000|  0%| F|  |TAMS 0x0000000089c00000, 0x0000000089c00000| Untracked 
| 157|0x0000000089d00000, 0x0000000089d00000, 0x0000000089e00000|  0%| F|  |TAMS 0x0000000089d00000, 0x0000000089d00000| Untracked 
| 158|0x0000000089e00000, 0x0000000089e00000, 0x0000000089f00000|  0%| F|  |TAMS 0x0000000089e00000, 0x0000000089e00000| Untracked 
| 159|0x0000000089f00000, 0x0000000089f00000, 0x000000008a000000|  0%| F|  |TAMS 0x0000000089f00000, 0x0000000089f00000| Untracked 
| 160|0x000000008a000000, 0x000000008a100000, 0x000000008a100000|100%| O|  |TAMS 0x000000008a100000, 0x000000008a100000| Untracked 
| 161|0x000000008a100000, 0x000000008a100000, 0x000000008a200000|  0%| F|  |TAMS 0x000000008a100000, 0x000000008a100000| Untracked 
| 162|0x000000008a200000, 0x000000008a200000, 0x000000008a300000|  0%| F|  |TAMS 0x000000008a200000, 0x000000008a200000| Untracked 
| 163|0x000000008a300000, 0x000000008a300000, 0x000000008a400000|  0%| F|  |TAMS 0x000000008a300000, 0x000000008a300000| Untracked 
| 164|0x000000008a400000, 0x000000008a500000, 0x000000008a500000|100%| O|  |TAMS 0x000000008a4cf800, 0x000000008a500000| Untracked 
| 165|0x000000008a500000, 0x000000008a500000, 0x000000008a600000|  0%| F|  |TAMS 0x000000008a500000, 0x000000008a500000| Untracked 
| 166|0x000000008a600000, 0x000000008a600000, 0x000000008a700000|  0%| F|  |TAMS 0x000000008a600000, 0x000000008a600000| Untracked 
| 167|0x000000008a700000, 0x000000008a700000, 0x000000008a800000|  0%| F|  |TAMS 0x000000008a700000, 0x000000008a700000| Untracked 
| 168|0x000000008a800000, 0x000000008a800000, 0x000000008a900000|  0%| F|  |TAMS 0x000000008a800000, 0x000000008a800000| Untracked 
| 169|0x000000008a900000, 0x000000008a900000, 0x000000008aa00000|  0%| F|  |TAMS 0x000000008a900000, 0x000000008a900000| Untracked 
| 170|0x000000008aa00000, 0x000000008aa00000, 0x000000008ab00000|  0%| F|  |TAMS 0x000000008aa00000, 0x000000008aa00000| Untracked 
| 171|0x000000008ab00000, 0x000000008ab00000, 0x000000008ac00000|  0%| F|  |TAMS 0x000000008ab00000, 0x000000008ab00000| Untracked 
| 172|0x000000008ac00000, 0x000000008ac00000, 0x000000008ad00000|  0%| F|  |TAMS 0x000000008ac00000, 0x000000008ac00000| Untracked 
| 173|0x000000008ad00000, 0x000000008ad00000, 0x000000008ae00000|  0%| F|  |TAMS 0x000000008ad00000, 0x000000008ad00000| Untracked 
| 174|0x000000008ae00000, 0x000000008ae00000, 0x000000008af00000|  0%| F|  |TAMS 0x000000008ae00000, 0x000000008ae00000| Untracked 
| 175|0x000000008af00000, 0x000000008af00000, 0x000000008b000000|  0%| F|  |TAMS 0x000000008af00000, 0x000000008af00000| Untracked 
| 176|0x000000008b000000, 0x000000008b000000, 0x000000008b100000|  0%| F|  |TAMS 0x000000008b000000, 0x000000008b000000| Untracked 
| 177|0x000000008b100000, 0x000000008b100000, 0x000000008b200000|  0%| F|  |TAMS 0x000000008b100000, 0x000000008b100000| Untracked 
| 178|0x000000008b200000, 0x000000008b200000, 0x000000008b300000|  0%| F|  |TAMS 0x000000008b200000, 0x000000008b200000| Untracked 
| 179|0x000000008b300000, 0x000000008b300000, 0x000000008b400000|  0%| F|  |TAMS 0x000000008b300000, 0x000000008b300000| Untracked 
| 180|0x000000008b400000, 0x000000008b400000, 0x000000008b500000|  0%| F|  |TAMS 0x000000008b400000, 0x000000008b400000| Untracked 
| 181|0x000000008b500000, 0x000000008b500000, 0x000000008b600000|  0%| F|  |TAMS 0x000000008b500000, 0x000000008b500000| Untracked 
| 182|0x000000008b600000, 0x000000008b600000, 0x000000008b700000|  0%| F|  |TAMS 0x000000008b600000, 0x000000008b600000| Untracked 
| 183|0x000000008b700000, 0x000000008b700000, 0x000000008b800000|  0%| F|  |TAMS 0x000000008b700000, 0x000000008b700000| Untracked 
| 184|0x000000008b800000, 0x000000008b800000, 0x000000008b900000|  0%| F|  |TAMS 0x000000008b800000, 0x000000008b800000| Untracked 
| 185|0x000000008b900000, 0x000000008b900000, 0x000000008ba00000|  0%| F|  |TAMS 0x000000008b900000, 0x000000008b900000| Untracked 
| 186|0x000000008ba00000, 0x000000008ba00000, 0x000000008bb00000|  0%| F|  |TAMS 0x000000008ba00000, 0x000000008ba00000| Untracked 
| 187|0x000000008bb00000, 0x000000008bb00000, 0x000000008bc00000|  0%| F|  |TAMS 0x000000008bb00000, 0x000000008bb00000| Untracked 
| 188|0x000000008bc00000, 0x000000008bc00000, 0x000000008bd00000|  0%| F|  |TAMS 0x000000008bc00000, 0x000000008bc00000| Untracked 
| 189|0x000000008bd00000, 0x000000008bd00000, 0x000000008be00000|  0%| F|  |TAMS 0x000000008bd00000, 0x000000008bd00000| Untracked 
| 190|0x000000008be00000, 0x000000008be00000, 0x000000008bf00000|  0%| F|  |TAMS 0x000000008be00000, 0x000000008be00000| Untracked 
| 191|0x000000008bf00000, 0x000000008bf00000, 0x000000008c000000|  0%| F|  |TAMS 0x000000008bf00000, 0x000000008bf00000| Untracked 
| 192|0x000000008c000000, 0x000000008c000000, 0x000000008c100000|  0%| F|  |TAMS 0x000000008c000000, 0x000000008c000000| Untracked 
| 193|0x000000008c100000, 0x000000008c100000, 0x000000008c200000|  0%| F|  |TAMS 0x000000008c100000, 0x000000008c100000| Untracked 
| 194|0x000000008c200000, 0x000000008c200000, 0x000000008c300000|  0%| F|  |TAMS 0x000000008c200000, 0x000000008c200000| Untracked 
| 195|0x000000008c300000, 0x000000008c300000, 0x000000008c400000|  0%| F|  |TAMS 0x000000008c300000, 0x000000008c300000| Untracked 
| 196|0x000000008c400000, 0x000000008c400000, 0x000000008c500000|  0%| F|  |TAMS 0x000000008c400000, 0x000000008c400000| Untracked 
| 197|0x000000008c500000, 0x000000008c500000, 0x000000008c600000|  0%| F|  |TAMS 0x000000008c500000, 0x000000008c500000| Untracked 
| 198|0x000000008c600000, 0x000000008c600000, 0x000000008c700000|  0%| F|  |TAMS 0x000000008c600000, 0x000000008c600000| Untracked 
| 199|0x000000008c700000, 0x000000008c700000, 0x000000008c800000|  0%| F|  |TAMS 0x000000008c700000, 0x000000008c700000| Untracked 
| 200|0x000000008c800000, 0x000000008c800000, 0x000000008c900000|  0%| F|  |TAMS 0x000000008c800000, 0x000000008c800000| Untracked 
| 201|0x000000008c900000, 0x000000008c900000, 0x000000008ca00000|  0%| F|  |TAMS 0x000000008c900000, 0x000000008c900000| Untracked 
| 202|0x000000008ca00000, 0x000000008ca00000, 0x000000008cb00000|  0%| F|  |TAMS 0x000000008ca00000, 0x000000008ca00000| Untracked 
| 203|0x000000008cb00000, 0x000000008cb00000, 0x000000008cc00000|  0%| F|  |TAMS 0x000000008cb00000, 0x000000008cb00000| Untracked 
| 204|0x000000008cc00000, 0x000000008cc00000, 0x000000008cd00000|  0%| F|  |TAMS 0x000000008cc00000, 0x000000008cc00000| Untracked 
| 205|0x000000008cd00000, 0x000000008cd00000, 0x000000008ce00000|  0%| F|  |TAMS 0x000000008cd00000, 0x000000008cd00000| Untracked 
| 206|0x000000008ce00000, 0x000000008ce00000, 0x000000008cf00000|  0%| F|  |TAMS 0x000000008ce00000, 0x000000008ce00000| Untracked 
| 207|0x000000008cf00000, 0x000000008cf00000, 0x000000008d000000|  0%| F|  |TAMS 0x000000008cf00000, 0x000000008cf00000| Untracked 
| 208|0x000000008d000000, 0x000000008d000000, 0x000000008d100000|  0%| F|  |TAMS 0x000000008d000000, 0x000000008d000000| Untracked 
| 209|0x000000008d100000, 0x000000008d100000, 0x000000008d200000|  0%| F|  |TAMS 0x000000008d100000, 0x000000008d100000| Untracked 
| 210|0x000000008d200000, 0x000000008d200000, 0x000000008d300000|  0%| F|  |TAMS 0x000000008d200000, 0x000000008d200000| Untracked 
| 211|0x000000008d300000, 0x000000008d300000, 0x000000008d400000|  0%| F|  |TAMS 0x000000008d300000, 0x000000008d300000| Untracked 
| 212|0x000000008d400000, 0x000000008d400000, 0x000000008d500000|  0%| F|  |TAMS 0x000000008d400000, 0x000000008d400000| Untracked 
| 213|0x000000008d500000, 0x000000008d500000, 0x000000008d600000|  0%| F|  |TAMS 0x000000008d500000, 0x000000008d500000| Untracked 
| 214|0x000000008d600000, 0x000000008d600000, 0x000000008d700000|  0%| F|  |TAMS 0x000000008d600000, 0x000000008d600000| Untracked 
| 215|0x000000008d700000, 0x000000008d700000, 0x000000008d800000|  0%| F|  |TAMS 0x000000008d700000, 0x000000008d700000| Untracked 
| 216|0x000000008d800000, 0x000000008d800000, 0x000000008d900000|  0%| F|  |TAMS 0x000000008d800000, 0x000000008d800000| Untracked 
| 217|0x000000008d900000, 0x000000008d900000, 0x000000008da00000|  0%| F|  |TAMS 0x000000008d900000, 0x000000008d900000| Untracked 
| 218|0x000000008da00000, 0x000000008da00000, 0x000000008db00000|  0%| F|  |TAMS 0x000000008da00000, 0x000000008da00000| Untracked 
| 219|0x000000008db00000, 0x000000008db00000, 0x000000008dc00000|  0%| F|  |TAMS 0x000000008db00000, 0x000000008db00000| Untracked 
| 220|0x000000008dc00000, 0x000000008dc00000, 0x000000008dd00000|  0%| F|  |TAMS 0x000000008dc00000, 0x000000008dc00000| Untracked 
| 221|0x000000008dd00000, 0x000000008dd00000, 0x000000008de00000|  0%| F|  |TAMS 0x000000008dd00000, 0x000000008dd00000| Untracked 
| 222|0x000000008de00000, 0x000000008de00000, 0x000000008df00000|  0%| F|  |TAMS 0x000000008de00000, 0x000000008de00000| Untracked 
| 223|0x000000008df00000, 0x000000008df00000, 0x000000008e000000|  0%| F|  |TAMS 0x000000008df00000, 0x000000008df00000| Untracked 
| 224|0x000000008e000000, 0x000000008e000000, 0x000000008e100000|  0%| F|  |TAMS 0x000000008e000000, 0x000000008e000000| Untracked 
| 225|0x000000008e100000, 0x000000008e100000, 0x000000008e200000|  0%| F|  |TAMS 0x000000008e100000, 0x000000008e100000| Untracked 
| 226|0x000000008e200000, 0x000000008e200000, 0x000000008e300000|  0%| F|  |TAMS 0x000000008e200000, 0x000000008e200000| Untracked 
| 227|0x000000008e300000, 0x000000008e300000, 0x000000008e400000|  0%| F|  |TAMS 0x000000008e300000, 0x000000008e300000| Untracked 
| 228|0x000000008e400000, 0x000000008e400000, 0x000000008e500000|  0%| F|  |TAMS 0x000000008e400000, 0x000000008e400000| Untracked 
| 229|0x000000008e500000, 0x000000008e500000, 0x000000008e600000|  0%| F|  |TAMS 0x000000008e500000, 0x000000008e500000| Untracked 
| 230|0x000000008e600000, 0x000000008e600000, 0x000000008e700000|  0%| F|  |TAMS 0x000000008e600000, 0x000000008e600000| Untracked 
| 231|0x000000008e700000, 0x000000008e700000, 0x000000008e800000|  0%| F|  |TAMS 0x000000008e700000, 0x000000008e700000| Untracked 
| 232|0x000000008e800000, 0x000000008e800000, 0x000000008e900000|  0%| F|  |TAMS 0x000000008e800000, 0x000000008e800000| Untracked 
| 233|0x000000008e900000, 0x000000008e900000, 0x000000008ea00000|  0%| F|  |TAMS 0x000000008e900000, 0x000000008e900000| Untracked 
| 234|0x000000008ea00000, 0x000000008ea00000, 0x000000008eb00000|  0%| F|  |TAMS 0x000000008ea00000, 0x000000008ea00000| Untracked 
| 235|0x000000008eb00000, 0x000000008eb00000, 0x000000008ec00000|  0%| F|  |TAMS 0x000000008eb00000, 0x000000008eb00000| Untracked 
| 236|0x000000008ec00000, 0x000000008ec00000, 0x000000008ed00000|  0%| F|  |TAMS 0x000000008ec00000, 0x000000008ec00000| Untracked 
| 237|0x000000008ed00000, 0x000000008ed00000, 0x000000008ee00000|  0%| F|  |TAMS 0x000000008ed00000, 0x000000008ed00000| Untracked 
| 238|0x000000008ee00000, 0x000000008ee00000, 0x000000008ef00000|  0%| F|  |TAMS 0x000000008ee00000, 0x000000008ee00000| Untracked 
| 239|0x000000008ef00000, 0x000000008ef00000, 0x000000008f000000|  0%| F|  |TAMS 0x000000008ef00000, 0x000000008ef00000| Untracked 
| 240|0x000000008f000000, 0x000000008f000000, 0x000000008f100000|  0%| F|  |TAMS 0x000000008f000000, 0x000000008f000000| Untracked 
| 241|0x000000008f100000, 0x000000008f100000, 0x000000008f200000|  0%| F|  |TAMS 0x000000008f100000, 0x000000008f100000| Untracked 
| 242|0x000000008f200000, 0x000000008f200000, 0x000000008f300000|  0%| F|  |TAMS 0x000000008f200000, 0x000000008f200000| Untracked 
| 243|0x000000008f300000, 0x000000008f300000, 0x000000008f400000|  0%| F|  |TAMS 0x000000008f300000, 0x000000008f300000| Untracked 
| 244|0x000000008f400000, 0x000000008f400000, 0x000000008f500000|  0%| F|  |TAMS 0x000000008f400000, 0x000000008f400000| Untracked 
| 245|0x000000008f500000, 0x000000008f500000, 0x000000008f600000|  0%| F|  |TAMS 0x000000008f500000, 0x000000008f500000| Untracked 
| 246|0x000000008f600000, 0x000000008f600000, 0x000000008f700000|  0%| F|  |TAMS 0x000000008f600000, 0x000000008f600000| Untracked 
| 247|0x000000008f700000, 0x000000008f700000, 0x000000008f800000|  0%| F|  |TAMS 0x000000008f700000, 0x000000008f700000| Untracked 
| 248|0x000000008f800000, 0x000000008f800000, 0x000000008f900000|  0%| F|  |TAMS 0x000000008f800000, 0x000000008f800000| Untracked 
| 249|0x000000008f900000, 0x000000008f900000, 0x000000008fa00000|  0%| F|  |TAMS 0x000000008f900000, 0x000000008f900000| Untracked 
| 250|0x000000008fa00000, 0x000000008fa00000, 0x000000008fb00000|  0%| F|  |TAMS 0x000000008fa00000, 0x000000008fa00000| Untracked 
| 251|0x000000008fb00000, 0x000000008fb00000, 0x000000008fc00000|  0%| F|  |TAMS 0x000000008fb00000, 0x000000008fb00000| Untracked 
| 252|0x000000008fc00000, 0x000000008fc00000, 0x000000008fd00000|  0%| F|  |TAMS 0x000000008fc00000, 0x000000008fc00000| Untracked 
| 253|0x000000008fd00000, 0x000000008fd00000, 0x000000008fe00000|  0%| F|  |TAMS 0x000000008fd00000, 0x000000008fd00000| Untracked 
| 254|0x000000008fe00000, 0x000000008fe00000, 0x000000008ff00000|  0%| F|  |TAMS 0x000000008fe00000, 0x000000008fe00000| Untracked 
| 255|0x000000008ff00000, 0x000000008ff00000, 0x0000000090000000|  0%| F|  |TAMS 0x000000008ff00000, 0x000000008ff00000| Untracked 
| 256|0x0000000090000000, 0x0000000090000000, 0x0000000090100000|  0%| F|  |TAMS 0x0000000090000000, 0x0000000090000000| Untracked 
| 257|0x0000000090100000, 0x0000000090100000, 0x0000000090200000|  0%| F|  |TAMS 0x0000000090100000, 0x0000000090100000| Untracked 
| 258|0x0000000090200000, 0x0000000090200000, 0x0000000090300000|  0%| F|  |TAMS 0x0000000090200000, 0x0000000090200000| Untracked 
| 259|0x0000000090300000, 0x0000000090300000, 0x0000000090400000|  0%| F|  |TAMS 0x0000000090300000, 0x0000000090300000| Untracked 
| 260|0x0000000090400000, 0x0000000090400000, 0x0000000090500000|  0%| F|  |TAMS 0x0000000090400000, 0x0000000090400000| Untracked 
| 261|0x0000000090500000, 0x0000000090500000, 0x0000000090600000|  0%| F|  |TAMS 0x0000000090500000, 0x0000000090500000| Untracked 
| 262|0x0000000090600000, 0x0000000090600000, 0x0000000090700000|  0%| F|  |TAMS 0x0000000090600000, 0x0000000090600000| Untracked 
| 263|0x0000000090700000, 0x0000000090700000, 0x0000000090800000|  0%| F|  |TAMS 0x0000000090700000, 0x0000000090700000| Untracked 
| 264|0x0000000090800000, 0x0000000090800000, 0x0000000090900000|  0%| F|  |TAMS 0x0000000090800000, 0x0000000090800000| Untracked 
| 265|0x0000000090900000, 0x0000000090900000, 0x0000000090a00000|  0%| F|  |TAMS 0x0000000090900000, 0x0000000090900000| Untracked 
| 266|0x0000000090a00000, 0x0000000090a00000, 0x0000000090b00000|  0%| F|  |TAMS 0x0000000090a00000, 0x0000000090a00000| Untracked 
| 267|0x0000000090b00000, 0x0000000090b00000, 0x0000000090c00000|  0%| F|  |TAMS 0x0000000090b00000, 0x0000000090b00000| Untracked 
| 268|0x0000000090c00000, 0x0000000090c00000, 0x0000000090d00000|  0%| F|  |TAMS 0x0000000090c00000, 0x0000000090c00000| Untracked 
| 269|0x0000000090d00000, 0x0000000090d00000, 0x0000000090e00000|  0%| F|  |TAMS 0x0000000090d00000, 0x0000000090d00000| Untracked 
| 270|0x0000000090e00000, 0x0000000090e00000, 0x0000000090f00000|  0%| F|  |TAMS 0x0000000090e00000, 0x0000000090e00000| Untracked 
| 271|0x0000000090f00000, 0x0000000090f00000, 0x0000000091000000|  0%| F|  |TAMS 0x0000000090f00000, 0x0000000090f00000| Untracked 
| 272|0x0000000091000000, 0x0000000091000000, 0x0000000091100000|  0%| F|  |TAMS 0x0000000091000000, 0x0000000091000000| Untracked 
| 273|0x0000000091100000, 0x0000000091100000, 0x0000000091200000|  0%| F|  |TAMS 0x0000000091100000, 0x0000000091100000| Untracked 
| 274|0x0000000091200000, 0x0000000091200000, 0x0000000091300000|  0%| F|  |TAMS 0x0000000091200000, 0x0000000091200000| Untracked 
| 275|0x0000000091300000, 0x0000000091300000, 0x0000000091400000|  0%| F|  |TAMS 0x0000000091300000, 0x0000000091300000| Untracked 
| 276|0x0000000091400000, 0x0000000091400000, 0x0000000091500000|  0%| F|  |TAMS 0x0000000091400000, 0x0000000091400000| Untracked 
| 277|0x0000000091500000, 0x0000000091500000, 0x0000000091600000|  0%| F|  |TAMS 0x0000000091500000, 0x0000000091500000| Untracked 
| 278|0x0000000091600000, 0x0000000091600000, 0x0000000091700000|  0%| F|  |TAMS 0x0000000091600000, 0x0000000091600000| Untracked 
| 279|0x0000000091700000, 0x0000000091700000, 0x0000000091800000|  0%| F|  |TAMS 0x0000000091700000, 0x0000000091700000| Untracked 
| 280|0x0000000091800000, 0x0000000091800000, 0x0000000091900000|  0%| F|  |TAMS 0x0000000091800000, 0x0000000091800000| Untracked 
| 281|0x0000000091900000, 0x0000000091900000, 0x0000000091a00000|  0%| F|  |TAMS 0x0000000091900000, 0x0000000091900000| Untracked 
| 282|0x0000000091a00000, 0x0000000091a00000, 0x0000000091b00000|  0%| F|  |TAMS 0x0000000091a00000, 0x0000000091a00000| Untracked 
| 283|0x0000000091b00000, 0x0000000091b00000, 0x0000000091c00000|  0%| F|  |TAMS 0x0000000091b00000, 0x0000000091b00000| Untracked 
| 284|0x0000000091c00000, 0x0000000091c00000, 0x0000000091d00000|  0%| F|  |TAMS 0x0000000091c00000, 0x0000000091c00000| Untracked 
| 285|0x0000000091d00000, 0x0000000091d00000, 0x0000000091e00000|  0%| F|  |TAMS 0x0000000091d00000, 0x0000000091d00000| Untracked 
| 286|0x0000000091e00000, 0x0000000091e00000, 0x0000000091f00000|  0%| F|  |TAMS 0x0000000091e00000, 0x0000000091e00000| Untracked 
| 287|0x0000000091f00000, 0x0000000091f00000, 0x0000000092000000|  0%| F|  |TAMS 0x0000000091f00000, 0x0000000091f00000| Untracked 
| 288|0x0000000092000000, 0x0000000092000000, 0x0000000092100000|  0%| F|  |TAMS 0x0000000092000000, 0x0000000092000000| Untracked 
| 289|0x0000000092100000, 0x0000000092100000, 0x0000000092200000|  0%| F|  |TAMS 0x0000000092100000, 0x0000000092100000| Untracked 
| 290|0x0000000092200000, 0x0000000092200000, 0x0000000092300000|  0%| F|  |TAMS 0x0000000092200000, 0x0000000092200000| Untracked 
| 291|0x0000000092300000, 0x0000000092300000, 0x0000000092400000|  0%| F|  |TAMS 0x0000000092300000, 0x0000000092300000| Untracked 
| 292|0x0000000092400000, 0x0000000092400000, 0x0000000092500000|  0%| F|  |TAMS 0x0000000092400000, 0x0000000092400000| Untracked 
| 293|0x0000000092500000, 0x000000009258f210, 0x0000000092600000| 55%| S|CS|TAMS 0x0000000092500000, 0x0000000092500000| Complete 
| 294|0x0000000092600000, 0x0000000092600000, 0x0000000092700000|  0%| F|  |TAMS 0x0000000092600000, 0x0000000092600000| Untracked 
| 295|0x0000000092700000, 0x0000000092700000, 0x0000000092800000|  0%| F|  |TAMS 0x0000000092700000, 0x0000000092700000| Untracked 
| 296|0x0000000092800000, 0x0000000092800000, 0x0000000092900000|  0%| F|  |TAMS 0x0000000092800000, 0x0000000092800000| Untracked 
| 297|0x0000000092900000, 0x0000000092900000, 0x0000000092a00000|  0%| F|  |TAMS 0x0000000092900000, 0x0000000092900000| Untracked 
| 298|0x0000000092a00000, 0x0000000092a00000, 0x0000000092b00000|  0%| F|  |TAMS 0x0000000092a00000, 0x0000000092a00000| Untracked 
| 299|0x0000000092b00000, 0x0000000092b00000, 0x0000000092c00000|  0%| F|  |TAMS 0x0000000092b00000, 0x0000000092b00000| Untracked 
| 300|0x0000000092c00000, 0x0000000092c00000, 0x0000000092d00000|  0%| F|  |TAMS 0x0000000092c00000, 0x0000000092c00000| Untracked 
| 301|0x0000000092d00000, 0x0000000092d00000, 0x0000000092e00000|  0%| F|  |TAMS 0x0000000092d00000, 0x0000000092d00000| Untracked 
| 302|0x0000000092e00000, 0x0000000092e00000, 0x0000000092f00000|  0%| F|  |TAMS 0x0000000092e00000, 0x0000000092e00000| Untracked 
| 303|0x0000000092f00000, 0x0000000092f00000, 0x0000000093000000|  0%| F|  |TAMS 0x0000000092f00000, 0x0000000092f00000| Untracked 
| 304|0x0000000093000000, 0x0000000093000000, 0x0000000093100000|  0%| F|  |TAMS 0x0000000093000000, 0x0000000093000000| Untracked 
| 305|0x0000000093100000, 0x0000000093100000, 0x0000000093200000|  0%| F|  |TAMS 0x0000000093100000, 0x0000000093100000| Untracked 
| 306|0x0000000093200000, 0x0000000093200000, 0x0000000093300000|  0%| F|  |TAMS 0x0000000093200000, 0x0000000093200000| Untracked 
| 307|0x0000000093300000, 0x0000000093300000, 0x0000000093400000|  0%| F|  |TAMS 0x0000000093300000, 0x0000000093300000| Untracked 
| 308|0x0000000093400000, 0x0000000093400000, 0x0000000093500000|  0%| F|  |TAMS 0x0000000093400000, 0x0000000093400000| Untracked 
| 309|0x0000000093500000, 0x0000000093500000, 0x0000000093600000|  0%| F|  |TAMS 0x0000000093500000, 0x0000000093500000| Untracked 
| 310|0x0000000093600000, 0x0000000093600000, 0x0000000093700000|  0%| F|  |TAMS 0x0000000093600000, 0x0000000093600000| Untracked 

Card table byte_map: [0x0000023e2ec30000,0x0000023e2f030000] _byte_map_base: 0x0000023e2e830000

Marking Bits (Prev, Next): (CMBitMap*) 0x0000023e1c0b7490, (CMBitMap*) 0x0000023e1c0b74d0
 Prev Bits: [0x0000023e2f430000, 0x0000023e31430000)
 Next Bits: [0x0000023e31430000, 0x0000023e33430000)

Polling page: 0x0000023e1a200000

Metaspace:

Usage:
  Non-class:    125.26 MB used.
      Class:     19.31 MB used.
       Both:    144.57 MB used.

Virtual space:
  Non-class space:      128.00 MB reserved,     125.88 MB ( 98%) committed,  16 nodes.
      Class space:        1.00 GB reserved,      19.81 MB (  2%) committed,  1 nodes.
             Both:        1.12 GB reserved,     145.69 MB ( 13%) committed. 

Chunk freelists:
   Non-Class:  1.98 MB
       Class:  157.00 KB
        Both:  2.14 MB

MaxMetaspaceSize: unlimited
CompressedClassSpaceSize: 1.00 GB
Initial GC threshold: 21.00 MB
Current GC threshold: 242.31 MB
CDS: off
MetaspaceReclaimPolicy: balanced
 - commit_granule_bytes: 65536.
 - commit_granule_words: 8192.
 - virtual_space_node_default_size: 1048576.
 - enlarge_chunks_in_place: 1.
 - new_chunks_are_fully_committed: 0.
 - uncommit_free_chunks: 1.
 - use_allocation_guard: 0.
 - handle_deallocations: 1.


Internal statistics:

num_allocs_failed_limit: 6.
num_arena_births: 1920.
num_arena_deaths: 36.
num_vsnodes_births: 17.
num_vsnodes_deaths: 0.
num_space_committed: 2331.
num_space_uncommitted: 0.
num_chunks_returned_to_freelist: 55.
num_chunks_taken_from_freelist: 7690.
num_chunk_merges: 15.
num_chunk_splits: 4980.
num_chunks_enlarged: 3193.
num_purges: 6.
num_inconsistent_stats: 0.

CodeHeap 'non-profiled nmethods': size=120000Kb used=15868Kb max_used=15868Kb free=104131Kb
 bounds [0x0000023e27300000, 0x0000023e28280000, 0x0000023e2e830000]
CodeHeap 'profiled nmethods': size=120000Kb used=43325Kb max_used=44899Kb free=76674Kb
 bounds [0x0000023e1f830000, 0x0000023e22460000, 0x0000023e26d60000]
CodeHeap 'non-nmethods': size=5760Kb used=2528Kb max_used=2625Kb free=3232Kb
 bounds [0x0000023e26d60000, 0x0000023e27010000, 0x0000023e27300000]
 total_blobs=22307 nmethods=21224 adapters=994
 compilation: enabled
              stopped_count=0, restarted_count=0
 full_count=0

Compilation events (20 events):
Event: 906.298 Thread 0x0000023e364109a0 nmethod 26857 0x0000023e1f8da690 code [0x0000023e1f8da880, 0x0000023e1f8dae88]
Event: 906.298 Thread 0x0000023e364109a0 26859       3       org.gradle.internal.serialize.AbstractDecoder$DecoderStream::read (31 bytes)
Event: 906.298 Thread 0x0000023e364109a0 nmethod 26859 0x0000023e20143090 code [0x0000023e20143240, 0x0000023e201434c8]
Event: 906.299 Thread 0x0000023e364109a0 26860       3       java.lang.Thread::<init> (29 bytes)
Event: 906.299 Thread 0x0000023e364109a0 nmethod 26860 0x0000023e2015f890 code [0x0000023e2015fac0, 0x0000023e20160158]
Event: 906.303 Thread 0x0000023e3640fff0 nmethod 26851 0x0000023e2827bd10 code [0x0000023e2827bee0, 0x0000023e2827c6f8]
Event: 906.303 Thread 0x0000023e3640fff0 26852       4       java.io.ObjectInputStream$PeekInputStream::read (115 bytes)
Event: 906.304 Thread 0x0000023e3640fff0 nmethod 26852 0x0000023e2827ce90 code [0x0000023e2827d020, 0x0000023e2827d1b8]
Event: 906.319 Thread 0x0000023e3640fff0 26861       4       org.gradle.internal.service.DefaultServiceRegistry$ClassInspector$ClassDetails::hasAnnotation (44 bytes)
Event: 906.332 Thread 0x0000023e3640fff0 nmethod 26861 0x0000023e2827d390 code [0x0000023e2827d5c0, 0x0000023e2827ddc0]
Event: 906.336 Thread 0x0000023e364109a0 26862       3       org.gradle.internal.event.DefaultListenerManager::access$200 (6 bytes)
Event: 906.336 Thread 0x0000023e364109a0 nmethod 26862 0x0000023e20bfca90 code [0x0000023e20bfcc20, 0x0000023e20bfcd48]
Event: 906.380 Thread 0x0000023e3640fff0 26863       4       org.gradle.internal.hash.HashCode::toString (19 bytes)
Event: 906.387 Thread 0x0000023e3640fff0 nmethod 26863 0x0000023e2827e610 code [0x0000023e2827e7e0, 0x0000023e2827ee58]
Event: 906.390 Thread 0x0000023e364109a0 26864       3       java.net.URL::equals (27 bytes)
Event: 906.390 Thread 0x0000023e364109a0 nmethod 26864 0x0000023e1fe2d510 code [0x0000023e1fe2d700, 0x0000023e1fe2de78]
Event: 906.391 Thread 0x0000023e364109a0 26865       3       java.net.URLStreamHandler::equals (29 bytes)
Event: 906.391 Thread 0x0000023e364109a0 nmethod 26865 0x0000023e1fe55690 code [0x0000023e1fe55860, 0x0000023e1fe55c98]
Event: 906.391 Thread 0x0000023e364109a0 26866       3       java.net.URLStreamHandler::sameFile (136 bytes)
Event: 906.391 Thread 0x0000023e364109a0 nmethod 26866 0x0000023e1f9fe710 code [0x0000023e1f9fe940, 0x0000023e1f9ff1a8]

GC Heap History (20 events):
Event: 665.923 GC heap after
{Heap after GC invocations=67 (full 0):
 garbage-first heap   total 318464K, used 135599K [0x0000000080000000, 0x0000000100000000)
  region size 1024K, 2 young (2048K), 2 survivors (2048K)
 Metaspace       used 146293K, committed 147264K, reserved 1179648K
  class space    used 19686K, committed 20160K, reserved 1048576K
}
Event: 680.359 GC heap before
{Heap before GC invocations=67 (full 0):
 garbage-first heap   total 318464K, used 246191K [0x0000000080000000, 0x0000000100000000)
  region size 1024K, 111 young (113664K), 2 survivors (2048K)
 Metaspace       used 146724K, committed 147776K, reserved 1179648K
  class space    used 19723K, committed 20224K, reserved 1048576K
}
Event: 680.427 GC heap after
{Heap after GC invocations=68 (full 0):
 garbage-first heap   total 318464K, used 145503K [0x0000000080000000, 0x0000000100000000)
  region size 1024K, 12 young (12288K), 12 survivors (12288K)
 Metaspace       used 146724K, committed 147776K, reserved 1179648K
  class space    used 19723K, committed 20224K, reserved 1048576K
}
Event: 684.688 GC heap before
{Heap before GC invocations=69 (full 0):
 garbage-first heap   total 318464K, used 254047K [0x0000000080000000, 0x0000000100000000)
  region size 1024K, 115 young (117760K), 12 survivors (12288K)
 Metaspace       used 147085K, committed 148160K, reserved 1179648K
  class space    used 19736K, committed 20224K, reserved 1048576K
}
Event: 684.762 GC heap after
{Heap after GC invocations=70 (full 0):
 garbage-first heap   total 318464K, used 162737K [0x0000000080000000, 0x0000000100000000)
  region size 1024K, 15 young (15360K), 15 survivors (15360K)
 Metaspace       used 147085K, committed 148160K, reserved 1179648K
  class space    used 19736K, committed 20224K, reserved 1048576K
}
Event: 684.778 GC heap before
{Heap before GC invocations=70 (full 0):
 garbage-first heap   total 318464K, used 163761K [0x0000000080000000, 0x0000000100000000)
  region size 1024K, 16 young (16384K), 15 survivors (15360K)
 Metaspace       used 147085K, committed 148160K, reserved 1179648K
  class space    used 19736K, committed 20224K, reserved 1048576K
}
Event: 684.822 GC heap after
{Heap after GC invocations=71 (full 0):
 garbage-first heap   total 318464K, used 156106K [0x0000000080000000, 0x0000000100000000)
  region size 1024K, 2 young (2048K), 2 survivors (2048K)
 Metaspace       used 147085K, committed 148160K, reserved 1179648K
  class space    used 19736K, committed 20224K, reserved 1048576K
}
Event: 685.394 GC heap before
{Heap before GC invocations=71 (full 0):
 garbage-first heap   total 318464K, used 203210K [0x0000000080000000, 0x0000000100000000)
  region size 1024K, 50 young (51200K), 2 survivors (2048K)
 Metaspace       used 147306K, committed 148352K, reserved 1179648K
  class space    used 19736K, committed 20224K, reserved 1048576K
}
Event: 685.410 GC heap after
{Heap after GC invocations=72 (full 0):
 garbage-first heap   total 318464K, used 159865K [0x0000000080000000, 0x0000000100000000)
  region size 1024K, 6 young (6144K), 6 survivors (6144K)
 Metaspace       used 147306K, committed 148352K, reserved 1179648K
  class space    used 19736K, committed 20224K, reserved 1048576K
}
Event: 866.378 GC heap before
{Heap before GC invocations=73 (full 0):
 garbage-first heap   total 318464K, used 252025K [0x0000000080000000, 0x0000000100000000)
  region size 1024K, 96 young (98304K), 6 survivors (6144K)
 Metaspace       used 147652K, committed 148800K, reserved 1179648K
  class space    used 19751K, committed 20288K, reserved 1048576K
}
Event: 866.418 GC heap after
{Heap after GC invocations=74 (full 0):
 garbage-first heap   total 318464K, used 161884K [0x0000000080000000, 0x0000000100000000)
  region size 1024K, 10 young (10240K), 10 survivors (10240K)
 Metaspace       used 147652K, committed 148800K, reserved 1179648K
  class space    used 19751K, committed 20288K, reserved 1048576K
}
Event: 866.493 GC heap before
{Heap before GC invocations=74 (full 0):
 garbage-first heap   total 318464K, used 165980K [0x0000000080000000, 0x0000000100000000)
  region size 1024K, 15 young (15360K), 10 survivors (10240K)
 Metaspace       used 147658K, committed 148800K, reserved 1179648K
  class space    used 19751K, committed 20288K, reserved 1048576K
}
Event: 866.583 GC heap after
{Heap after GC invocations=75 (full 0):
 garbage-first heap   total 318464K, used 153797K [0x0000000080000000, 0x0000000100000000)
  region size 1024K, 2 young (2048K), 2 survivors (2048K)
 Metaspace       used 147658K, committed 148800K, reserved 1179648K
  class space    used 19751K, committed 20288K, reserved 1048576K
}
Event: 871.764 GC heap before
{Heap before GC invocations=75 (full 0):
 garbage-first heap   total 318464K, used 183493K [0x0000000080000000, 0x0000000100000000)
  region size 1024K, 33 young (33792K), 2 survivors (2048K)
 Metaspace       used 147733K, committed 148864K, reserved 1179648K
  class space    used 19752K, committed 20288K, reserved 1048576K
}
Event: 871.773 GC heap after
{Heap after GC invocations=76 (full 0):
 garbage-first heap   total 318464K, used 154076K [0x0000000080000000, 0x0000000100000000)
  region size 1024K, 2 young (2048K), 2 survivors (2048K)
 Metaspace       used 147733K, committed 148864K, reserved 1179648K
  class space    used 19752K, committed 20288K, reserved 1048576K
}
Event: 873.436 GC heap before
{Heap before GC invocations=77 (full 0):
 garbage-first heap   total 318464K, used 256476K [0x0000000080000000, 0x0000000100000000)
  region size 1024K, 104 young (106496K), 2 survivors (2048K)
 Metaspace       used 147936K, committed 149056K, reserved 1179648K
  class space    used 19755K, committed 20288K, reserved 1048576K
}
Event: 873.442 GC heap after
{Heap after GC invocations=78 (full 0):
 garbage-first heap   total 318464K, used 148157K [0x0000000080000000, 0x0000000100000000)
  region size 1024K, 2 young (2048K), 2 survivors (2048K)
 Metaspace       used 147936K, committed 149056K, reserved 1179648K
  class space    used 19755K, committed 20288K, reserved 1048576K
}
Event: 873.730 GC heap before
{Heap before GC invocations=78 (full 0):
 garbage-first heap   total 318464K, used 161469K [0x0000000080000000, 0x0000000100000000)
  region size 1024K, 15 young (15360K), 2 survivors (2048K)
 Metaspace       used 147971K, committed 149056K, reserved 1179648K
  class space    used 19757K, committed 20288K, reserved 1048576K
}
Event: 873.744 GC heap after
{Heap after GC invocations=79 (full 0):
 garbage-first heap   total 318464K, used 131421K [0x0000000080000000, 0x0000000100000000)
  region size 1024K, 2 young (2048K), 2 survivors (2048K)
 Metaspace       used 147971K, committed 149056K, reserved 1179648K
  class space    used 19757K, committed 20288K, reserved 1048576K
}
Event: 906.393 GC heap before
{Heap before GC invocations=79 (full 0):
 garbage-first heap   total 318464K, used 144733K [0x0000000080000000, 0x0000000100000000)
  region size 1024K, 17 young (17408K), 2 survivors (2048K)
 Metaspace       used 148039K, committed 149184K, reserved 1179648K
  class space    used 19770K, committed 20288K, reserved 1048576K
}

Dll operation events (3 events):
Event: 0.005 Loaded shared library C:\Users\student\.jdks\jbr-17.0.6\bin\java.dll
Event: 0.031 Loaded shared library C:\Users\student\.jdks\jbr-17.0.6\bin\jsvml.dll
Event: 0.444 Loaded shared library C:\Users\student\.jdks\jbr-17.0.6\bin\verify.dll

Deoptimization events (20 events):
Event: 898.643 Thread 0x0000023e37d5ef70 Uncommon trap: trap_request=0xffffffc6 fr.pc=0x0000023e27fa4824 relative=0x00000000000004e4
Event: 898.643 Thread 0x0000023e37d5ef70 Uncommon trap: reason=bimorphic_or_optimized_type_check action=maybe_recompile pc=0x0000023e27fa4824 method=java.io.ObjectInputStream$PeekInputStream.peek()I @ 17 c2
Event: 898.643 Thread 0x0000023e37d5ef70 DEOPT PACKING pc=0x0000023e27fa4824 sp=0x0000009b652fe310
Event: 898.643 Thread 0x0000023e37d5ef70 DEOPT UNPACKING pc=0x0000023e26db699d sp=0x0000009b652fe270 mode 2
Event: 898.643 Thread 0x0000023e37d5ef70 Uncommon trap: trap_request=0xffffffc6 fr.pc=0x0000023e27e310c8 relative=0x00000000000004a8
Event: 898.643 Thread 0x0000023e37d5ef70 Uncommon trap: reason=bimorphic_or_optimized_type_check action=maybe_recompile pc=0x0000023e27e310c8 method=java.io.ObjectInputStream$PeekInputStream.peek()I @ 17 c2
Event: 898.643 Thread 0x0000023e37d5ef70 DEOPT PACKING pc=0x0000023e27e310c8 sp=0x0000009b652fe350
Event: 898.643 Thread 0x0000023e37d5ef70 DEOPT UNPACKING pc=0x0000023e26db699d sp=0x0000009b652fe310 mode 2
Event: 898.643 Thread 0x0000023e37d5ef70 Uncommon trap: trap_request=0xffffffc6 fr.pc=0x0000023e27fa4824 relative=0x00000000000004e4
Event: 898.643 Thread 0x0000023e37d5ef70 Uncommon trap: reason=bimorphic_or_optimized_type_check action=maybe_recompile pc=0x0000023e27fa4824 method=java.io.ObjectInputStream$PeekInputStream.peek()I @ 17 c2
Event: 898.643 Thread 0x0000023e37d5ef70 DEOPT PACKING pc=0x0000023e27fa4824 sp=0x0000009b652fe450
Event: 898.643 Thread 0x0000023e37d5ef70 DEOPT UNPACKING pc=0x0000023e26db699d sp=0x0000009b652fe3b0 mode 2
Event: 898.643 Thread 0x0000023e37d5ef70 Uncommon trap: trap_request=0xffffffc6 fr.pc=0x0000023e27e18d9c relative=0x0000000000000efc
Event: 898.643 Thread 0x0000023e37d5ef70 Uncommon trap: reason=bimorphic_or_optimized_type_check action=maybe_recompile pc=0x0000023e27e18d9c method=java.io.ObjectInputStream$PeekInputStream.read()I @ 23 c2
Event: 898.643 Thread 0x0000023e37d5ef70 DEOPT PACKING pc=0x0000023e27e18d9c sp=0x0000009b652fe0e0
Event: 898.643 Thread 0x0000023e37d5ef70 DEOPT UNPACKING pc=0x0000023e26db699d sp=0x0000009b652fe060 mode 2
Event: 898.643 Thread 0x0000023e37d5ef70 Uncommon trap: trap_request=0xffffffc6 fr.pc=0x0000023e27e18d9c relative=0x0000000000000efc
Event: 898.643 Thread 0x0000023e37d5ef70 Uncommon trap: reason=bimorphic_or_optimized_type_check action=maybe_recompile pc=0x0000023e27e18d9c method=java.io.ObjectInputStream$PeekInputStream.read()I @ 23 c2
Event: 898.643 Thread 0x0000023e37d5ef70 DEOPT PACKING pc=0x0000023e27e18d9c sp=0x0000009b652fe0e0
Event: 898.643 Thread 0x0000023e37d5ef70 DEOPT UNPACKING pc=0x0000023e26db699d sp=0x0000009b652fe060 mode 2

Classes unloaded (18 events):
Event: 22.189 Thread 0x0000023e3591e000 Unloading class 0x0000000100cc4c00 'java/lang/invoke/LambdaForm$DMH+0x0000000100cc4c00'
Event: 22.189 Thread 0x0000023e3591e000 Unloading class 0x0000000100cc4800 'java/lang/invoke/LambdaForm$DMH+0x0000000100cc4800'
Event: 22.189 Thread 0x0000023e3591e000 Unloading class 0x0000000100cc4400 'java/lang/invoke/LambdaForm$DMH+0x0000000100cc4400'
Event: 60.218 Thread 0x0000023e3591e000 Unloading class 0x000000010125cc00 'java/lang/invoke/LambdaForm$DMH+0x000000010125cc00'
Event: 60.218 Thread 0x0000023e3591e000 Unloading class 0x000000010125d400 'java/lang/invoke/LambdaForm$DMH+0x000000010125d400'
Event: 60.218 Thread 0x0000023e3591e000 Unloading class 0x000000010125c800 'java/lang/invoke/LambdaForm$DMH+0x000000010125c800'
Event: 60.218 Thread 0x0000023e3591e000 Unloading class 0x000000010125c000 'java/lang/invoke/LambdaForm$DMH+0x000000010125c000'
Event: 60.218 Thread 0x0000023e3591e000 Unloading class 0x0000000101234800 'java/lang/invoke/LambdaForm$DMH+0x0000000101234800'
Event: 60.218 Thread 0x0000023e3591e000 Unloading class 0x0000000101234000 'java/lang/invoke/LambdaForm$DMH+0x0000000101234000'
Event: 60.218 Thread 0x0000023e3591e000 Unloading class 0x00000001011ccc00 'java/lang/invoke/LambdaForm$DMH+0x00000001011ccc00'
Event: 60.218 Thread 0x0000023e3591e000 Unloading class 0x00000001011cc800 'java/lang/invoke/LambdaForm$DMH+0x00000001011cc800'
Event: 60.218 Thread 0x0000023e3591e000 Unloading class 0x00000001011cc000 'java/lang/invoke/LambdaForm$DMH+0x00000001011cc000'
Event: 60.218 Thread 0x0000023e3591e000 Unloading class 0x00000001011b4800 'java/lang/invoke/LambdaForm$DMH+0x00000001011b4800'
Event: 60.218 Thread 0x0000023e3591e000 Unloading class 0x00000001011b4400 'java/lang/invoke/LambdaForm$DMH+0x00000001011b4400'
Event: 60.218 Thread 0x0000023e3591e000 Unloading class 0x000000010116c800 'java/lang/invoke/LambdaForm$DMH+0x000000010116c800'
Event: 60.218 Thread 0x0000023e3591e000 Unloading class 0x000000010116c000 'java/lang/invoke/LambdaForm$DMH+0x000000010116c000'
Event: 621.420 Thread 0x0000023e3591e000 Unloading class 0x0000000101330c00 'java/lang/invoke/LambdaForm$DMH+0x0000000101330c00'
Event: 621.420 Thread 0x0000023e3591e000 Unloading class 0x0000000101330800 'java/lang/invoke/LambdaForm$DMH+0x0000000101330800'

Classes redefined (0 events):
No events

Internal exceptions (20 events):
Event: 873.290 Thread 0x0000023e3c775a80 Exception <a 'sun/nio/fs/WindowsException'{0x000000008d8ee420}> (0x000000008d8ee420) 
thrown [s\src\hotspot\share\prims\jni.cpp, line 517]
Event: 873.297 Thread 0x0000023e3c774270 Exception <a 'sun/nio/fs/WindowsException'{0x000000008dad9a38}> (0x000000008dad9a38) 
thrown [s\src\hotspot\share\prims\jni.cpp, line 517]
Event: 873.299 Thread 0x0000023e3c775a80 Exception <a 'sun/nio/fs/WindowsException'{0x000000008d8f74b8}> (0x000000008d8f74b8) 
thrown [s\src\hotspot\share\prims\jni.cpp, line 517]
Event: 873.302 Thread 0x0000023e3c774270 Exception <a 'sun/nio/fs/WindowsException'{0x000000008d52c940}> (0x000000008d52c940) 
thrown [s\src\hotspot\share\prims\jni.cpp, line 517]
Event: 873.304 Thread 0x0000023e3c775a80 Exception <a 'sun/nio/fs/WindowsException'{0x000000008d5ef1e8}> (0x000000008d5ef1e8) 
thrown [s\src\hotspot\share\prims\jni.cpp, line 517]
Event: 873.305 Thread 0x0000023e3c775a80 Exception <a 'sun/nio/fs/WindowsException'{0x000000008d5f5d70}> (0x000000008d5f5d70) 
thrown [s\src\hotspot\share\prims\jni.cpp, line 517]
Event: 873.308 Thread 0x0000023e3c774270 Exception <a 'sun/nio/fs/WindowsException'{0x000000008d4d14c0}> (0x000000008d4d14c0) 
thrown [s\src\hotspot\share\prims\jni.cpp, line 517]
Event: 873.311 Thread 0x0000023e3c774270 Exception <a 'sun/nio/fs/WindowsException'{0x000000008d4d9680}> (0x000000008d4d9680) 
thrown [s\src\hotspot\share\prims\jni.cpp, line 517]
Event: 873.312 Thread 0x0000023e3c775a80 Exception <a 'sun/nio/fs/WindowsException'{0x000000008d4c66a0}> (0x000000008d4c66a0) 
thrown [s\src\hotspot\share\prims\jni.cpp, line 517]
Event: 873.316 Thread 0x0000023e3c775a80 Exception <a 'sun/nio/fs/WindowsException'{0x000000008d3f4e98}> (0x000000008d3f4e98) 
thrown [s\src\hotspot\share\prims\jni.cpp, line 517]
Event: 873.318 Thread 0x0000023e3c774270 Exception <a 'sun/nio/fs/WindowsException'{0x000000008d249d98}> (0x000000008d249d98) 
thrown [s\src\hotspot\share\prims\jni.cpp, line 517]
Event: 873.322 Thread 0x0000023e3c774270 Exception <a 'sun/nio/fs/WindowsException'{0x000000008d2505f0}> (0x000000008d2505f0) 
thrown [s\src\hotspot\share\prims\jni.cpp, line 517]
Event: 873.459 Thread 0x0000023e3c775a80 Exception <a 'sun/nio/fs/WindowsException'{0x00000000936c2490}> (0x00000000936c2490) 
thrown [s\src\hotspot\share\prims\jni.cpp, line 517]
Event: 873.477 Thread 0x0000023e3c775a80 Exception <a 'sun/nio/fs/WindowsException'{0x00000000934c3c80}> (0x00000000934c3c80) 
thrown [s\src\hotspot\share\prims\jni.cpp, line 517]
Event: 873.858 Thread 0x0000023e39e48020 Exception <a 'sun/nio/fs/WindowsException'{0x000000009321bdc0}> (0x000000009321bdc0) 
thrown [s\src\hotspot\share\prims\jni.cpp, line 517]
Event: 873.858 Thread 0x0000023e39e48020 Exception <a 'sun/nio/fs/WindowsException'{0x000000009321c1e0}> (0x000000009321c1e0) 
thrown [s\src\hotspot\share\prims\jni.cpp, line 517]
Event: 873.858 Thread 0x0000023e39e48020 Exception <a 'sun/nio/fs/WindowsException'{0x000000009321dbe8}> (0x000000009321dbe8) 
thrown [s\src\hotspot\share\prims\jni.cpp, line 517]
Event: 898.647 Thread 0x0000023e37d5ef70 Exception <a 'java/lang/NoSuchMethodError'{0x0000000092cf64c8}: static Lorg/gradle/launcher/daemon/protocol/Command;.<clinit>()V> (0x0000000092cf64c8) 
thrown [s\src\hotspot\share\prims\jni.cpp, line 1108]
Event: 898.648 Thread 0x0000023e37d5ef70 Exception <a 'java/lang/NoSuchMethodError'{0x0000000092b00800}: static Lorg/gradle/launcher/daemon/protocol/InvalidateVirtualFileSystem;.<clinit>()V> (0x0000000092b00800) 
thrown [s\src\hotspot\share\prims\jni.cpp, line 1108]
Event: 906.296 Thread 0x0000023e37d5e100 Exception <a 'java/lang/NoSuchMethodError'{0x0000000092b5eea8}: static Lorg/gradle/tooling/internal/provider/serialization/ClientOwnedClassLoaderSpec;.<clinit>()V> (0x0000000092b5eea8) 
thrown [s\src\hotspot\share\prims\jni.cpp, line 1108]

VM Operations (20 events):
Event: 873.086 Executing VM operation: HandshakeAllThreads done
Event: 873.103 Executing VM operation: HandshakeAllThreads
Event: 873.104 Executing VM operation: HandshakeAllThreads done
Event: 873.436 Executing VM operation: G1CollectForAllocation
Event: 873.443 Executing VM operation: G1CollectForAllocation done
Event: 873.730 Executing VM operation: G1CollectForAllocation
Event: 873.744 Executing VM operation: G1CollectForAllocation done
Event: 875.745 Executing VM operation: Cleanup
Event: 875.745 Executing VM operation: Cleanup done
Event: 883.750 Executing VM operation: Cleanup
Event: 883.750 Executing VM operation: Cleanup done
Event: 906.345 Executing VM operation: HandshakeAllThreads
Event: 906.346 Executing VM operation: HandshakeAllThreads done
Event: 906.346 Executing VM operation: Cleanup
Event: 906.351 Executing VM operation: Cleanup done
Event: 906.351 Executing VM operation: HandshakeAllThreads
Event: 906.351 Executing VM operation: HandshakeAllThreads done
Event: 906.360 Executing VM operation: HandshakeAllThreads
Event: 906.361 Executing VM operation: HandshakeAllThreads done
Event: 906.392 Executing VM operation: G1TryInitiateConcMark

Events (20 events):
Event: 873.898 Thread 0x0000023e39e49360 Thread exited: 0x0000023e39e49360
Event: 873.898 Thread 0x0000023e4106b7e0 Thread exited: 0x0000023e4106b7e0
Event: 873.898 Thread 0x0000023e375a29c0 Thread exited: 0x0000023e375a29c0
Event: 873.898 Thread 0x0000023e41067480 Thread exited: 0x0000023e41067480
Event: 873.898 Thread 0x0000023e39e46340 Thread exited: 0x0000023e39e46340
Event: 873.898 Thread 0x0000023e39e47680 Thread exited: 0x0000023e39e47680
Event: 873.909 Thread 0x0000023e39e42980 Thread exited: 0x0000023e39e42980
Event: 873.910 Thread 0x0000023e39e44190 Thread exited: 0x0000023e39e44190
Event: 873.921 Thread 0x0000023e39e48e90 Thread exited: 0x0000023e39e48e90
Event: 873.925 Thread 0x0000023e39e47b50 Thread exited: 0x0000023e39e47b50
Event: 873.927 Thread 0x0000023e39e43320 Thread exited: 0x0000023e39e43320
Event: 878.922 Thread 0x0000023e3db4e9b0 Thread exited: 0x0000023e3db4e9b0
Event: 883.111 Thread 0x0000023e37d5f910 Thread added: 0x0000023e37d5f910
Event: 898.640 Thread 0x0000023e37d5ef70 Thread added: 0x0000023e37d5ef70
Event: 898.656 Thread 0x0000023e37d5ef70 Thread exited: 0x0000023e37d5ef70
Event: 906.280 Thread 0x0000023e37d5e100 Thread added: 0x0000023e37d5e100
Event: 906.299 Thread 0x0000023e37d5ef70 Thread added: 0x0000023e37d5ef70
Event: 906.305 Thread 0x0000023e37d60780 Thread added: 0x0000023e37d60780
Event: 906.306 Thread 0x0000023e37d5d760 Thread added: 0x0000023e37d5d760
Event: 906.306 Thread 0x0000023e37d5d290 Thread added: 0x0000023e37d5d290


Dynamic libraries:
0x00007ff6574b0000 - 0x00007ff6574ba000 	C:\Users\student\.jdks\jbr-17.0.6\bin\java.exe
0x00007ff89d4b0000 - 0x00007ff89d6a8000 	C:\Windows\SYSTEM32\ntdll.dll
0x00007ff89bae0000 - 0x00007ff89bb9f000 	C:\Windows\System32\KERNEL32.DLL
0x00007ff89ad10000 - 0x00007ff89afea000 	C:\Windows\System32\KERNELBASE.dll
0x00007ff89b260000 - 0x00007ff89b360000 	C:\Windows\System32\ucrtbase.dll
0x00007ff891360000 - 0x00007ff89137b000 	C:\Users\student\.jdks\jbr-17.0.6\bin\VCRUNTIME140.dll
0x00007ff88f1e0000 - 0x00007ff88f1f7000 	C:\Users\student\.jdks\jbr-17.0.6\bin\jli.dll
0x00007ff89c7a0000 - 0x00007ff89c93d000 	C:\Windows\System32\USER32.dll
0x00007ff89abc0000 - 0x00007ff89abe2000 	C:\Windows\System32\win32u.dll
0x00007ff8665d0000 - 0x00007ff86686a000 	C:\Windows\WinSxS\amd64_microsoft.windows.common-controls_6595b64144ccf1df_6.0.19041.1110_none_60b5254171f9507e\COMCTL32.dll
0x00007ff89b650000 - 0x00007ff89b67b000 	C:\Windows\System32\GDI32.dll
0x00007ff89bf70000 - 0x00007ff89c00e000 	C:\Windows\System32\msvcrt.dll
0x00007ff89b150000 - 0x00007ff89b260000 	C:\Windows\System32\gdi32full.dll
0x00007ff89ac20000 - 0x00007ff89acbd000 	C:\Windows\System32\msvcp_win.dll
0x00007ff89d130000 - 0x00007ff89d160000 	C:\Windows\System32\IMM32.DLL
0x00007ff88f1d0000 - 0x00007ff88f1dc000 	C:\Users\student\.jdks\jbr-17.0.6\bin\vcruntime140_1.dll
0x00007ff889640000 - 0x00007ff8896cd000 	C:\Users\student\.jdks\jbr-17.0.6\bin\msvcp140.dll
0x00007ff87a730000 - 0x00007ff87b39e000 	C:\Users\student\.jdks\jbr-17.0.6\bin\server\jvm.dll
0x00007ff89c150000 - 0x00007ff89c1fe000 	C:\Windows\System32\ADVAPI32.dll
0x00007ff89ba40000 - 0x00007ff89badc000 	C:\Windows\System32\sechost.dll
0x00007ff89d340000 - 0x00007ff89d466000 	C:\Windows\System32\RPCRT4.dll
0x00007ff88f310000 - 0x00007ff88f319000 	C:\Windows\SYSTEM32\WSOCK32.dll
0x00007ff89c010000 - 0x00007ff89c07b000 	C:\Windows\System32\WS2_32.dll
0x00007ff892c30000 - 0x00007ff892c57000 	C:\Windows\SYSTEM32\WINMM.dll
0x00007ff895850000 - 0x00007ff89585a000 	C:\Windows\SYSTEM32\VERSION.dll
0x00007ff898aa0000 - 0x00007ff898ab2000 	C:\Windows\SYSTEM32\kernel.appcore.dll
0x00007ff88f1c0000 - 0x00007ff88f1ca000 	C:\Users\student\.jdks\jbr-17.0.6\bin\jimage.dll
0x00007ff88a210000 - 0x00007ff88a3f4000 	C:\Windows\SYSTEM32\DBGHELP.DLL
0x00007ff889fe0000 - 0x00007ff88a014000 	C:\Windows\SYSTEM32\dbgcore.DLL
0x00007ff89b3d0000 - 0x00007ff89b452000 	C:\Windows\System32\bcryptPrimitives.dll
0x00007ff889840000 - 0x00007ff889865000 	C:\Users\student\.jdks\jbr-17.0.6\bin\java.dll
0x00007ff889a20000 - 0x00007ff889a38000 	C:\Users\student\.jdks\jbr-17.0.6\bin\zip.dll
0x00007ff889560000 - 0x00007ff889637000 	C:\Users\student\.jdks\jbr-17.0.6\bin\jsvml.dll
0x00007ff89c9d0000 - 0x00007ff89d114000 	C:\Windows\System32\SHELL32.dll
0x00007ff898ca0000 - 0x00007ff899433000 	C:\Windows\SYSTEM32\windows.storage.dll
0x00007ff89bba0000 - 0x00007ff89bef4000 	C:\Windows\System32\combase.dll
0x00007ff89a540000 - 0x00007ff89a56e000 	C:\Windows\SYSTEM32\Wldp.dll
0x00007ff89d160000 - 0x00007ff89d20d000 	C:\Windows\System32\SHCORE.dll
0x00007ff89d210000 - 0x00007ff89d265000 	C:\Windows\System32\shlwapi.dll
0x00007ff89ab00000 - 0x00007ff89ab1f000 	C:\Windows\SYSTEM32\profapi.dll
0x00007ff8898a0000 - 0x00007ff8898b9000 	C:\Users\student\.jdks\jbr-17.0.6\bin\net.dll
0x00007ff893ff0000 - 0x00007ff8940fa000 	C:\Windows\SYSTEM32\WINHTTP.dll
0x00007ff89a2a0000 - 0x00007ff89a30a000 	C:\Windows\system32\mswsock.dll
0x00007ff889820000 - 0x00007ff889836000 	C:\Users\student\.jdks\jbr-17.0.6\bin\nio.dll
0x00007ff889810000 - 0x00007ff889820000 	C:\Users\student\.jdks\jbr-17.0.6\bin\verify.dll
0x00007ff896880000 - 0x00007ff8968a7000 	C:\Users\student\.gradle\native\e1d6ef7f7dcc3fd88c89a11ec53ec762bb8ba0a96d01ffa2cd45eb1d1d8dd5c5\windows-amd64\native-platform.dll
0x00007ff889410000 - 0x00007ff889554000 	C:\Users\student\.gradle\native\0d407fdbe67a94daf76414ababcb853783967236a71b16ec16e742cd7a986fd3\windows-amd64\native-platform-file-events.dll
0x00007ff889400000 - 0x00007ff889409000 	C:\Users\student\.jdks\jbr-17.0.6\bin\management.dll
0x00007ff8893f0000 - 0x00007ff8893fb000 	C:\Users\student\.jdks\jbr-17.0.6\bin\management_ext.dll
0x00007ff89b680000 - 0x00007ff89b688000 	C:\Windows\System32\PSAPI.DLL
0x00007ff89a490000 - 0x00007ff89a4a8000 	C:\Windows\SYSTEM32\CRYPTSP.dll
0x00007ff899bc0000 - 0x00007ff899bf4000 	C:\Windows\system32\rsaenh.dll
0x00007ff89abf0000 - 0x00007ff89ac17000 	C:\Windows\System32\bcrypt.dll
0x00007ff89aac0000 - 0x00007ff89aaee000 	C:\Windows\SYSTEM32\USERENV.dll
0x00007ff89a4b0000 - 0x00007ff89a4bc000 	C:\Windows\SYSTEM32\CRYPTBASE.dll
0x00007ff899f90000 - 0x00007ff899fcc000 	C:\Windows\SYSTEM32\IPHLPAPI.DLL
0x00007ff89d120000 - 0x00007ff89d128000 	C:\Windows\System32\NSI.dll
0x00007ff894d10000 - 0x00007ff894d27000 	C:\Windows\SYSTEM32\dhcpcsvc6.DLL
0x00007ff894cf0000 - 0x00007ff894d0d000 	C:\Windows\SYSTEM32\dhcpcsvc.DLL
0x00007ff899fd0000 - 0x00007ff89a09b000 	C:\Windows\SYSTEM32\DNSAPI.dll
0x00007ff8893e0000 - 0x00007ff8893ee000 	C:\Users\student\.jdks\jbr-17.0.6\bin\sunmscapi.dll
0x00007ff89aff0000 - 0x00007ff89b146000 	C:\Windows\System32\CRYPT32.dll
0x00007ff89a5b0000 - 0x00007ff89a5d8000 	C:\Windows\SYSTEM32\ncrypt.dll
0x00007ff89a570000 - 0x00007ff89a5ab000 	C:\Windows\SYSTEM32\NTASN1.dll
0x00007ff86e890000 - 0x00007ff86e897000 	C:\Windows\system32\wshunix.dll
0x00007ff890c50000 - 0x00007ff890c5a000 	C:\Windows\System32\rasadhlp.dll
0x00007ff891600000 - 0x00007ff891680000 	C:\Windows\System32\fwpuclnt.dll
0x00007ff86e950000 - 0x00007ff86e967000 	C:\Windows\system32\napinsp.dll
0x00007ff86e930000 - 0x00007ff86e94b000 	C:\Windows\system32\pnrpnsp.dll
0x00007ff8965e0000 - 0x00007ff8965fd000 	C:\Windows\system32\NLAapi.dll
0x00007ff86e8f0000 - 0x00007ff86e902000 	C:\Windows\System32\winrnr.dll
0x00007ff86e8d0000 - 0x00007ff86e8e5000 	C:\Windows\system32\wshbth.dll
0x00007ff899ce0000 - 0x00007ff899d13000 	C:\Windows\SYSTEM32\ntmarta.dll
0x00007ff889320000 - 0x00007ff88933e000 	C:\Users\student\AppData\Local\Temp\native-platform1552830172519052632dir\native-platform.dll
0x00007ff891020000 - 0x00007ff891027000 	C:\Users\student\.jdks\jbr-17.0.6\bin\rmi.dll

dbghelp: loaded successfully - version: 4.0.5 - missing functions: none
symbol engine: initialized successfully - sym options: 0x614 - pdb path: .;C:\Users\student\.jdks\jbr-17.0.6\bin;C:\Windows\SYSTEM32;C:\Windows\WinSxS\amd64_microsoft.windows.common-controls_6595b64144ccf1df_6.0.19041.1110_none_60b5254171f9507e;C:\Users\student\.jdks\jbr-17.0.6\bin\server;C:\Users\student\.gradle\native\e1d6ef7f7dcc3fd88c89a11ec53ec762bb8ba0a96d01ffa2cd45eb1d1d8dd5c5\windows-amd64;C:\Users\student\.gradle\native\0d407fdbe67a94daf76414ababcb853783967236a71b16ec16e742cd7a986fd3\windows-amd64;C:\Users\student\AppData\Local\Temp\native-platform1552830172519052632dir

VM Arguments:
jvm_args: --add-opens=java.base/java.util=ALL-UNNAMED --add-opens=java.base/java.lang=ALL-UNNAMED --add-opens=java.base/java.lang.invoke=ALL-UNNAMED --add-opens=java.base/java.util=ALL-UNNAMED --add-opens=java.prefs/java.util.prefs=ALL-UNNAMED --add-opens=java.prefs/java.util.prefs=ALL-UNNAMED --add-opens=java.base/java.nio.charset=ALL-UNNAMED --add-opens=java.base/java.net=ALL-UNNAMED --add-opens=java.base/java.util.concurrent.atomic=ALL-UNNAMED -Xmx2048m -Dfile.encoding=UTF-8 -Duser.country=US -Duser.language=en -Duser.variant 
java_command: org.gradle.launcher.daemon.bootstrap.GradleDaemon 7.5
java_class_path (initial): C:\Users\student\.gradle\wrapper\dists\gradle-7.5-bin\f1w0cc9nuo0eivz97x2xlu9sv\gradle-7.5\lib\gradle-launcher-7.5.jar
Launcher Type: SUN_STANDARD

[Global flags]
     intx CICompilerCount                          = 3                                         {product} {ergonomic}
     uint ConcGCThreads                            = 1                                         {product} {ergonomic}
     uint G1ConcRefinementThreads                  = 4                                         {product} {ergonomic}
   size_t G1HeapRegionSize                         = 1048576                                   {product} {ergonomic}
    uintx GCDrainStackTargetSize                   = 64                                        {product} {ergonomic}
   size_t InitialHeapSize                          = 130023424                                 {product} {ergonomic}
   size_t MarkStackSize                            = 4194304                                   {product} {ergonomic}
   size_t MaxHeapSize                              = 2147483648                                {product} {command line}
   size_t MaxNewSize                               = 1287651328                                {product} {ergonomic}
   size_t MinHeapDeltaBytes                        = 1048576                                   {product} {ergonomic}
   size_t MinHeapSize                              = 8388608                                   {product} {ergonomic}
    uintx NonNMethodCodeHeapSize                   = 5832780                                {pd product} {ergonomic}
    uintx NonProfiledCodeHeapSize                  = 122912730                              {pd product} {ergonomic}
    uintx ProfiledCodeHeapSize                     = 122912730                              {pd product} {ergonomic}
    uintx ReservedCodeCacheSize                    = 251658240                              {pd product} {ergonomic}
     bool SegmentedCodeCache                       = true                                      {product} {ergonomic}
   size_t SoftMaxHeapSize                          = 2147483648                             {manageable} {ergonomic}
     bool UseCompressedClassPointers               = true                           {product lp64_product} {ergonomic}
     bool UseCompressedOops                        = true                           {product lp64_product} {ergonomic}
     bool UseG1GC                                  = true                                      {product} {ergonomic}
     bool UseLargePagesIndividualAllocation        = false                                  {pd product} {ergonomic}

Logging:
Log output configuration:
 #0: stdout all=warning uptime,level,tags
 #1: stderr all=off uptime,level,tags

Environment Variables:
JAVA_HOME=C:\Program Files\Eclipse Adoptium\jre-8.0.322.6-hotspot\
PATH=C:\Program Files\Common Files\Oracle\Java\javapath;C:\Program Files\Eclipse Adoptium\jre-8.0.322.6-hotspot\bin;C:\Program Files (x86)\Eclipse Adoptium\jre-8.0.312.7-hotspot\bin;C:\Windows\system32;C:\Windows;C:\Windows\System32\Wbem;C:\Windows\System32\WindowsPowerShell\v1.0\;C:\Windows\System32\OpenSSH\;C:\Program Files\Microsoft VS Code\bin;C:\Program Files\dotnet\;C:\Program Files\Azure Data Studio\bin;C:\Program Files\Microsoft SQL Server\150\Tools\Binn\;C:\Program Files\Microsoft SQL Server\130\Tools\Binn\;C:\Program Files\Microsoft SQL Server\Client SDK\ODBC\170\Tools\Binn\;C:\Program Files\MATLAB\R2017a\runtime\win64;C:\Program Files\MATLAB\R2017a\bin;C:\Program Files\Git\cmd;C:\Users\student\AppData\Local\Programs\Python\Python310\Scripts\;C:\Users\student\AppData\Local\Programs\Python\Python310\;C:\Users\student\AppData\Local\Microsoft\WindowsApps;C:\Users\student\.dotnet\tools
USERNAME=student
OS=Windows_NT
PROCESSOR_IDENTIFIER=Intel64 Family 6 Model 165 Stepping 3, GenuineIntel
TMP=C:\Users\student\AppData\Local\Temp
TEMP=C:\Users\student\AppData\Local\Temp


JNI global refs:
JNI global refs: 25, weak refs: 0

JNI global refs memory usage: 843, weak refs: 841


---------------  S Y S T E M  ---------------

OS:
 Windows 10 , 64 bit Build 19041 (10.0.19041.2788)
OS uptime: 0 days 5:06 hours

CPU: total 4 (initial active 4) (2 cores per cpu, 2 threads per core) family 6 model 165 stepping 3 microcode 0xcc, cx8, cmov, fxsr, ht, mmx, 3dnowpref, sse, sse2, sse3, ssse3, sse4.1, sse4.2, popcnt, lzcnt, tsc, tscinvbit, aes, erms, clmul, clflush, clflushopt

Memory: 4k page, system-wide physical 7837M (550M free)
TotalPageFile size 9646M (AvailPageFile size 279M)
current process WorkingSet (physical memory assigned to process): 481M, peak: 611M
current process commit charge ("private bytes"): 722M, peak: 1329M

vm_info: OpenJDK 64-Bit Server VM (17.0.6+10-b829.9) for windows-amd64 JRE (17.0.6+10-b829.9), built on 2023-04-09 by "builduser" with MS VC++ 16.10 / 16.11 (VS2019)

END.
